/home/insia/simulador_ws/imiev/install/imiev/lib/python3.12/site-packages/imiev/interactive_waypoint_follower.py
/home/insia/simulador_ws/imiev/install/imiev/lib/python3.12/site-packages/imiev/__init__.py
/home/insia/simulador_ws/imiev/install/imiev/lib/python3.12/site-packages/imiev/logged_waypoint_follower.py
/home/insia/simulador_ws/imiev/install/imiev/lib/python3.12/site-packages/imiev/gps_waypoint_logger.py
/home/insia/simulador_ws/imiev/install/imiev/lib/python3.12/site-packages/imiev/utils/__init__.py
/home/insia/simulador_ws/imiev/install/imiev/lib/python3.12/site-packages/imiev/utils/gps_utils.py
/home/insia/simulador_ws/imiev/install/imiev/lib/python3.12/site-packages/imiev/__pycache__/interactive_waypoint_follower.cpython-312.pyc
/home/insia/simulador_ws/imiev/install/imiev/lib/python3.12/site-packages/imiev/__pycache__/__init__.cpython-312.pyc
/home/insia/simulador_ws/imiev/install/imiev/lib/python3.12/site-packages/imiev/__pycache__/logged_waypoint_follower.cpython-312.pyc
/home/insia/simulador_ws/imiev/install/imiev/lib/python3.12/site-packages/imiev/__pycache__/gps_waypoint_logger.cpython-312.pyc
/home/insia/simulador_ws/imiev/install/imiev/lib/python3.12/site-packages/imiev/utils/__pycache__/__init__.cpython-312.pyc
/home/insia/simulador_ws/imiev/install/imiev/lib/python3.12/site-packages/imiev/utils/__pycache__/gps_utils.cpython-312.pyc
/home/insia/simulador_ws/imiev/install/imiev/share/ament_index/resource_index/packages/imiev
/home/insia/simulador_ws/imiev/install/imiev/share/imiev/package.xml
/home/insia/simulador_ws/imiev/install/imiev/share/imiev/launch/gps_waypoint_follower.launch.py
/home/insia/simulador_ws/imiev/install/imiev/share/imiev/launch/dual_ekf_navsat.launch.py
/home/insia/simulador_ws/imiev/install/imiev/share/imiev/launch/mapviz.launch.py
/home/insia/simulador_ws/imiev/install/imiev/share/imiev/launch/gazebo_model.launch.py
/home/insia/simulador_ws/imiev/install/imiev/share/imiev/launch/slam.launch.py
/home/insia/simulador_ws/imiev/install/imiev/share/imiev/config/mapper_params_online_async.yaml
/home/insia/simulador_ws/imiev/install/imiev/share/imiev/config/nav2_no_map_params.yaml
/home/insia/simulador_ws/imiev/install/imiev/share/imiev/config/nav2_slam_params.yaml
/home/insia/simulador_ws/imiev/install/imiev/share/imiev/config/imiev_bridge.yaml
/home/insia/simulador_ws/imiev/install/imiev/share/imiev/config/dual_ekf_navsat_params.yaml
/home/insia/simulador_ws/imiev/install/imiev/share/imiev/config/gps_wpf_demo.mvc
/home/insia/simulador_ws/imiev/install/imiev/share/imiev/config/behavior_trees/navigate_through_poses_ackermann.xml
/home/insia/simulador_ws/imiev/install/imiev/share/imiev/config/behavior_trees/navigate_to_pose_ackermann.xml
/home/insia/simulador_ws/imiev/install/imiev/share/imiev/worlds/sonoma_raceway.world
/home/insia/simulador_ws/imiev/install/imiev/share/imiev/models/imiev/robot.xacro
/home/insia/simulador_ws/imiev/install/imiev/share/imiev/models/imiev/robot.gazebo
/home/insia/simulador_ws/imiev/install/imiev/lib/python3.12/site-packages/imiev-0.0.0-py3.12.egg-info/PKG-INFO
/home/insia/simulador_ws/imiev/install/imiev/lib/python3.12/site-packages/imiev-0.0.0-py3.12.egg-info/top_level.txt
/home/insia/simulador_ws/imiev/install/imiev/lib/python3.12/site-packages/imiev-0.0.0-py3.12.egg-info/entry_points.txt
/home/insia/simulador_ws/imiev/install/imiev/lib/python3.12/site-packages/imiev-0.0.0-py3.12.egg-info/SOURCES.txt
/home/insia/simulador_ws/imiev/install/imiev/lib/python3.12/site-packages/imiev-0.0.0-py3.12.egg-info/zip-safe
/home/insia/simulador_ws/imiev/install/imiev/lib/python3.12/site-packages/imiev-0.0.0-py3.12.egg-info/dependency_links.txt
/home/insia/simulador_ws/imiev/install/imiev/lib/python3.12/site-packages/imiev-0.0.0-py3.12.egg-info/requires.txt
/home/insia/simulador_ws/imiev/install/imiev/lib/imiev/gps_waypoint_logger
/home/insia/simulador_ws/imiev/install/imiev/lib/imiev/interactive_waypoint_follower
/home/insia/simulador_ws/imiev/install/imiev/lib/imiev/logged_waypoint_follower
