[1.911s] Invoking command in '/home/insia/simulador_ws/imiev/build/imiev': DEBUGINFOD_URLS=https://debuginfod.ubuntu.com PYTHONPATH=/home/insia/simulador_ws/imiev/build/imiev/prefix_override:/usr/lib/python3/dist-packages/colcon_core/task/python/colcon_distutils_commands:/home/insia/simulador_ws/imiev/install/imiev/lib/python3.12/site-packages:${PYTHONPATH} /usr/bin/python3 -W ignore:setup.py install is deprecated -W ignore:easy_install command is deprecated setup.py develop --editable --build-directory /home/insia/simulador_ws/imiev/build/imiev/build --no-deps symlink_data
[2.951s] running develop
[3.617s] running egg_info
[3.666s] writing imiev.egg-info/PKG-INFO
[3.666s] writing dependency_links to imiev.egg-info/dependency_links.txt
[3.667s] writing entry points to imiev.egg-info/entry_points.txt
[3.667s] writing requirements to imiev.egg-info/requires.txt
[3.667s] writing top-level names to imiev.egg-info/top_level.txt
[3.760s] reading manifest file 'imiev.egg-info/SOURCES.txt'
[3.763s] writing manifest file 'imiev.egg-info/SOURCES.txt'
[3.815s] running build_ext
[3.815s] Creating /home/insia/simulador_ws/imiev/install/imiev/lib/python3.12/site-packages/imiev.egg-link (link to .)
[3.816s] Installing gps_waypoint_logger script to /home/insia/simulador_ws/imiev/install/imiev/lib/imiev
[3.816s] Installing interactive_waypoint_follower script to /home/insia/simulador_ws/imiev/install/imiev/lib/imiev
[3.817s] Installing logged_waypoint_follower script to /home/insia/simulador_ws/imiev/install/imiev/lib/imiev
[3.817s] Installing route_follower script to /home/insia/simulador_ws/imiev/install/imiev/lib/imiev
[3.818s] Installing route_logger script to /home/insia/simulador_ws/imiev/install/imiev/lib/imiev
[3.818s] Installing test_turning script to /home/insia/simulador_ws/imiev/install/imiev/lib/imiev
[3.818s] 
[3.818s] Installed /home/insia/simulador_ws/imiev/build/imiev
[3.818s] running symlink_data
[3.891s] Invoked command in '/home/insia/simulador_ws/imiev/build/imiev' returned '0': DEBUGINFOD_URLS=https://debuginfod.ubuntu.com PYTHONPATH=/home/insia/simulador_ws/imiev/build/imiev/prefix_override:/usr/lib/python3/dist-packages/colcon_core/task/python/colcon_distutils_commands:/home/insia/simulador_ws/imiev/install/imiev/lib/python3.12/site-packages:${PYTHONPATH} /usr/bin/python3 -W ignore:setup.py install is deprecated -W ignore:easy_install command is deprecated setup.py develop --editable --build-directory /home/insia/simulador_ws/imiev/build/imiev/build --no-deps symlink_data
