[1.582s] Invoking command in '/home/insia/simulador_ws/imiev/src/imiev': DEBUGINFOD_URLS=https://debuginfod.ubuntu.com PYTHONPATH=/home/insia/simulador_ws/imiev/build/imiev/prefix_override:/usr/lib/python3/dist-packages/colcon_core/task/python/colcon_distutils_commands:/home/insia/simulador_ws/imiev/install/imiev/lib/python3.12/site-packages:${PYTHONPATH} /usr/bin/python3 -W ignore:setup.py install is deprecated -W ignore:easy_install command is deprecated setup.py egg_info --egg-base ../../build/imiev build --build-base /home/insia/simulador_ws/imiev/build/imiev/build install --record /home/insia/simulador_ws/imiev/build/imiev/install.log --single-version-externally-managed install_data
[2.121s] running egg_info
[2.162s] writing ../../build/imiev/imiev.egg-info/PKG-INFO
[2.163s] writing dependency_links to ../../build/imiev/imiev.egg-info/dependency_links.txt
[2.163s] writing entry points to ../../build/imiev/imiev.egg-info/entry_points.txt
[2.164s] writing requirements to ../../build/imiev/imiev.egg-info/requires.txt
[2.165s] writing top-level names to ../../build/imiev/imiev.egg-info/top_level.txt
[2.252s] reading manifest file '../../build/imiev/imiev.egg-info/SOURCES.txt'
[2.253s] writing manifest file '../../build/imiev/imiev.egg-info/SOURCES.txt'
[2.254s] running build
[2.254s] running build_py
[2.255s] running install
[2.265s] running install_lib
[2.307s] running install_data
[2.308s] running install_egg_info
[2.353s] removing '/home/insia/simulador_ws/imiev/install/imiev/lib/python3.12/site-packages/imiev-0.0.0-py3.12.egg-info' (and everything under it)
[2.356s] Copying ../../build/imiev/imiev.egg-info to /home/insia/simulador_ws/imiev/install/imiev/lib/python3.12/site-packages/imiev-0.0.0-py3.12.egg-info
[2.356s] running install_scripts
[2.619s] Installing gps_waypoint_logger script to /home/insia/simulador_ws/imiev/install/imiev/lib/imiev
[2.621s] Installing interactive_waypoint_follower script to /home/insia/simulador_ws/imiev/install/imiev/lib/imiev
[2.621s] Installing logged_waypoint_follower script to /home/insia/simulador_ws/imiev/install/imiev/lib/imiev
[2.621s] writing list of installed files to '/home/insia/simulador_ws/imiev/build/imiev/install.log'
[2.676s] Invoked command in '/home/insia/simulador_ws/imiev/src/imiev' returned '0': DEBUGINFOD_URLS=https://debuginfod.ubuntu.com PYTHONPATH=/home/insia/simulador_ws/imiev/build/imiev/prefix_override:/usr/lib/python3/dist-packages/colcon_core/task/python/colcon_distutils_commands:/home/insia/simulador_ws/imiev/install/imiev/lib/python3.12/site-packages:${PYTHONPATH} /usr/bin/python3 -W ignore:setup.py install is deprecated -W ignore:easy_install command is deprecated setup.py egg_info --egg-base ../../build/imiev build --build-base /home/insia/simulador_ws/imiev/build/imiev/build install --record /home/insia/simulador_ws/imiev/build/imiev/install.log --single-version-externally-managed install_data
