[0.207s] DEBUG:colcon:Command line arguments: ['/usr/bin/colcon', 'build', '--packages-select', 'imiev', '--symlink-install']
[0.207s] DEBUG:colcon:Parsed command line arguments: Namespace(log_base=None, log_level=None, verb_name='build', build_base='build', install_base='install', merge_install=False, symlink_install=True, test_result_base=None, continue_on_error=False, executor='parallel', parallel_workers=8, event_handlers=None, ignore_user_meta=False, metas=['./colcon.meta'], base_paths=['.'], packages_ignore=None, packages_ignore_regex=None, paths=None, packages_up_to=None, packages_up_to_regex=None, packages_above=None, packages_above_and_dependencies=None, packages_above_depth=None, packages_select_by_dep=None, packages_skip_by_dep=None, packages_skip_up_to=None, packages_select_build_failed=False, packages_skip_build_finished=False, packages_select_test_failures=False, packages_skip_test_passed=False, packages_select=['imiev'], packages_skip=None, packages_select_regex=None, packages_skip_regex=None, packages_start=None, packages_end=None, allow_overriding=[], cmake_args=None, cmake_target=None, cmake_target_skip_unavailable=False, cmake_clean_cache=False, cmake_clean_first=False, cmake_force_configure=False, ament_cmake_args=None, catkin_cmake_args=None, catkin_skip_building_tests=False, mixin_files=None, mixin=None, verb_parser=<colcon_mixin.mixin.mixin_argument.MixinArgumentDecorator object at 0x70f48a6a37d0>, verb_extension=<colcon_core.verb.build.BuildVerb object at 0x70f48a7c3620>, main=<bound method BuildVerb.main of <colcon_core.verb.build.BuildVerb object at 0x70f48a7c3620>>, mixin_verb=('build',))
[0.267s] Level 1:colcon.colcon_core.package_discovery:discover_packages(colcon_meta) check parameters
[0.267s] Level 1:colcon.colcon_core.package_discovery:discover_packages(recursive) check parameters
[0.267s] Level 1:colcon.colcon_core.package_discovery:discover_packages(ignore) check parameters
[0.267s] Level 1:colcon.colcon_core.package_discovery:discover_packages(path) check parameters
[0.267s] Level 1:colcon.colcon_core.package_discovery:discover_packages(colcon_meta) discover
[0.267s] Level 1:colcon.colcon_core.package_discovery:discover_packages(recursive) discover
[0.268s] INFO:colcon.colcon_core.package_discovery:Crawling recursively for packages in '/home/insia/simulador_ws/imiev'
[0.268s] Level 1:colcon.colcon_core.package_identification:_identify(.) by extensions ['ignore', 'ignore_ament_install']
[0.268s] Level 1:colcon.colcon_core.package_identification:_identify(.) by extension 'ignore'
[0.268s] Level 1:colcon.colcon_core.package_identification:_identify(.) by extension 'ignore_ament_install'
[0.268s] Level 1:colcon.colcon_core.package_identification:_identify(.) by extensions ['colcon_pkg']
[0.268s] Level 1:colcon.colcon_core.package_identification:_identify(.) by extension 'colcon_pkg'
[0.268s] Level 1:colcon.colcon_core.package_identification:_identify(.) by extensions ['colcon_meta']
[0.268s] Level 1:colcon.colcon_core.package_identification:_identify(.) by extension 'colcon_meta'
[0.268s] Level 1:colcon.colcon_core.package_identification:_identify(.) by extensions ['ros']
[0.268s] Level 1:colcon.colcon_core.package_identification:_identify(.) by extension 'ros'
[0.309s] Level 1:colcon.colcon_core.package_identification:_identify(.) by extensions ['cmake', 'python']
[0.309s] Level 1:colcon.colcon_core.package_identification:_identify(.) by extension 'cmake'
[0.309s] Level 1:colcon.colcon_core.package_identification:_identify(.) by extension 'python'
[0.309s] Level 1:colcon.colcon_core.package_identification:_identify(.) by extensions ['python_setup_py']
[0.309s] Level 1:colcon.colcon_core.package_identification:_identify(.) by extension 'python_setup_py'
[0.309s] Level 1:colcon.colcon_core.package_identification:_identify(build) by extensions ['ignore', 'ignore_ament_install']
[0.309s] Level 1:colcon.colcon_core.package_identification:_identify(build) by extension 'ignore'
[0.309s] Level 1:colcon.colcon_core.package_identification:_identify(build) ignored
[0.309s] Level 1:colcon.colcon_core.package_identification:_identify(install) by extensions ['ignore', 'ignore_ament_install']
[0.309s] Level 1:colcon.colcon_core.package_identification:_identify(install) by extension 'ignore'
[0.310s] Level 1:colcon.colcon_core.package_identification:_identify(install) ignored
[0.310s] Level 1:colcon.colcon_core.package_identification:_identify(log) by extensions ['ignore', 'ignore_ament_install']
[0.310s] Level 1:colcon.colcon_core.package_identification:_identify(log) by extension 'ignore'
[0.310s] Level 1:colcon.colcon_core.package_identification:_identify(log) ignored
[0.310s] Level 1:colcon.colcon_core.package_identification:_identify(src) by extensions ['ignore', 'ignore_ament_install']
[0.310s] Level 1:colcon.colcon_core.package_identification:_identify(src) by extension 'ignore'
[0.311s] Level 1:colcon.colcon_core.package_identification:_identify(src) by extension 'ignore_ament_install'
[0.311s] Level 1:colcon.colcon_core.package_identification:_identify(src) by extensions ['colcon_pkg']
[0.311s] Level 1:colcon.colcon_core.package_identification:_identify(src) by extension 'colcon_pkg'
[0.311s] Level 1:colcon.colcon_core.package_identification:_identify(src) by extensions ['colcon_meta']
[0.311s] Level 1:colcon.colcon_core.package_identification:_identify(src) by extension 'colcon_meta'
[0.311s] Level 1:colcon.colcon_core.package_identification:_identify(src) by extensions ['ros']
[0.311s] Level 1:colcon.colcon_core.package_identification:_identify(src) by extension 'ros'
[0.311s] Level 1:colcon.colcon_core.package_identification:_identify(src) by extensions ['cmake', 'python']
[0.311s] Level 1:colcon.colcon_core.package_identification:_identify(src) by extension 'cmake'
[0.311s] Level 1:colcon.colcon_core.package_identification:_identify(src) by extension 'python'
[0.311s] Level 1:colcon.colcon_core.package_identification:_identify(src) by extensions ['python_setup_py']
[0.311s] Level 1:colcon.colcon_core.package_identification:_identify(src) by extension 'python_setup_py'
[0.311s] Level 1:colcon.colcon_core.package_identification:_identify(src/imiev) by extensions ['ignore', 'ignore_ament_install']
[0.311s] Level 1:colcon.colcon_core.package_identification:_identify(src/imiev) by extension 'ignore'
[0.311s] Level 1:colcon.colcon_core.package_identification:_identify(src/imiev) by extension 'ignore_ament_install'
[0.311s] Level 1:colcon.colcon_core.package_identification:_identify(src/imiev) by extensions ['colcon_pkg']
[0.311s] Level 1:colcon.colcon_core.package_identification:_identify(src/imiev) by extension 'colcon_pkg'
[0.311s] Level 1:colcon.colcon_core.package_identification:_identify(src/imiev) by extensions ['colcon_meta']
[0.311s] Level 1:colcon.colcon_core.package_identification:_identify(src/imiev) by extension 'colcon_meta'
[0.312s] Level 1:colcon.colcon_core.package_identification:_identify(src/imiev) by extensions ['ros']
[0.312s] Level 1:colcon.colcon_core.package_identification:_identify(src/imiev) by extension 'ros'
[0.314s] DEBUG:colcon.colcon_core.package_identification:Package 'src/imiev' with type 'ros.ament_python' and name 'imiev'
[0.315s] Level 1:colcon.colcon_core.package_discovery:discover_packages(recursive) using defaults
[0.315s] Level 1:colcon.colcon_core.package_discovery:discover_packages(ignore) discover
[0.315s] Level 1:colcon.colcon_core.package_discovery:discover_packages(ignore) using defaults
[0.315s] Level 1:colcon.colcon_core.package_discovery:discover_packages(path) discover
[0.315s] Level 1:colcon.colcon_core.package_discovery:discover_packages(path) using defaults
[0.341s] Level 1:colcon.colcon_core.package_discovery:discover_packages(prefix_path) check parameters
[0.341s] Level 1:colcon.colcon_core.package_discovery:discover_packages(prefix_path) discover
[0.347s] DEBUG:colcon.colcon_installed_package_information.package_discovery:Found 463 installed packages in /opt/ros/jazzy
[0.351s] Level 1:colcon.colcon_core.package_discovery:discover_packages(prefix_path) using defaults
[0.464s] Level 5:colcon.colcon_core.verb:set package 'imiev' build argument 'cmake_args' from command line to 'None'
[0.464s] Level 5:colcon.colcon_core.verb:set package 'imiev' build argument 'cmake_target' from command line to 'None'
[0.464s] Level 5:colcon.colcon_core.verb:set package 'imiev' build argument 'cmake_target_skip_unavailable' from command line to 'False'
[0.464s] Level 5:colcon.colcon_core.verb:set package 'imiev' build argument 'cmake_clean_cache' from command line to 'False'
[0.464s] Level 5:colcon.colcon_core.verb:set package 'imiev' build argument 'cmake_clean_first' from command line to 'False'
[0.464s] Level 5:colcon.colcon_core.verb:set package 'imiev' build argument 'cmake_force_configure' from command line to 'False'
[0.464s] Level 5:colcon.colcon_core.verb:set package 'imiev' build argument 'ament_cmake_args' from command line to 'None'
[0.464s] Level 5:colcon.colcon_core.verb:set package 'imiev' build argument 'catkin_cmake_args' from command line to 'None'
[0.464s] Level 5:colcon.colcon_core.verb:set package 'imiev' build argument 'catkin_skip_building_tests' from command line to 'False'
[0.464s] DEBUG:colcon.colcon_core.verb:Building package 'imiev' with the following arguments: {'ament_cmake_args': None, 'build_base': '/home/insia/simulador_ws/imiev/build/imiev', 'catkin_cmake_args': None, 'catkin_skip_building_tests': False, 'cmake_args': None, 'cmake_clean_cache': False, 'cmake_clean_first': False, 'cmake_force_configure': False, 'cmake_target': None, 'cmake_target_skip_unavailable': False, 'install_base': '/home/insia/simulador_ws/imiev/install/imiev', 'merge_install': False, 'path': '/home/insia/simulador_ws/imiev/src/imiev', 'symlink_install': True, 'test_result_base': None}
[0.464s] INFO:colcon.colcon_core.executor:Executing jobs using 'parallel' executor
[0.465s] DEBUG:colcon.colcon_parallel_executor.executor.parallel:run_until_complete
[0.466s] INFO:colcon.colcon_ros.task.ament_python.build:Building ROS package in '/home/insia/simulador_ws/imiev/src/imiev' with build type 'ament_python'
[0.466s] Level 1:colcon.colcon_core.shell:create_environment_hook('imiev', 'ament_prefix_path')
[0.468s] INFO:colcon.colcon_core.plugin_system:Skipping extension 'colcon_core.shell.bat': Not used on non-Windows systems
[0.469s] INFO:colcon.colcon_core.shell:Creating environment hook '/home/insia/simulador_ws/imiev/install/imiev/share/imiev/hook/ament_prefix_path.ps1'
[0.470s] INFO:colcon.colcon_core.shell:Creating environment descriptor '/home/insia/simulador_ws/imiev/install/imiev/share/imiev/hook/ament_prefix_path.dsv'
[0.470s] INFO:colcon.colcon_core.shell:Creating environment hook '/home/insia/simulador_ws/imiev/install/imiev/share/imiev/hook/ament_prefix_path.sh'
[0.471s] INFO:colcon.colcon_core.shell:Skip shell extension 'powershell' for command environment: Not usable outside of PowerShell
[0.471s] DEBUG:colcon.colcon_core.shell:Skip shell extension 'dsv' for command environment
[0.870s] INFO:colcon.colcon_core.task.python.build:Building Python package in '/home/insia/simulador_ws/imiev/src/imiev'
[0.871s] INFO:colcon.colcon_core.shell:Skip shell extension 'powershell' for command environment: Not usable outside of PowerShell
[0.871s] DEBUG:colcon.colcon_core.shell:Skip shell extension 'dsv' for command environment
[2.040s] DEBUG:colcon.colcon_core.task.python.build:While undoing a previous installation files outside the Python library path are being ignored: /home/insia/simulador_ws/imiev/install/imiev/share/ament_index/resource_index/packages/imiev
[2.040s] DEBUG:colcon.colcon_core.task.python.build:While undoing a previous installation files outside the Python library path are being ignored: /home/insia/simulador_ws/imiev/install/imiev/share/imiev/package.xml
[2.040s] DEBUG:colcon.colcon_core.task.python.build:While undoing a previous installation files outside the Python library path are being ignored: /home/insia/simulador_ws/imiev/install/imiev/share/imiev/launch/gps_waypoint_follower.launch.py
[2.040s] DEBUG:colcon.colcon_core.task.python.build:While undoing a previous installation files outside the Python library path are being ignored: /home/insia/simulador_ws/imiev/install/imiev/share/imiev/launch/dual_ekf_navsat.launch.py
[2.040s] DEBUG:colcon.colcon_core.task.python.build:While undoing a previous installation files outside the Python library path are being ignored: /home/insia/simulador_ws/imiev/install/imiev/share/imiev/launch/mapviz.launch.py
[2.040s] DEBUG:colcon.colcon_core.task.python.build:While undoing a previous installation files outside the Python library path are being ignored: /home/insia/simulador_ws/imiev/install/imiev/share/imiev/launch/gazebo_model.launch.py
[2.040s] DEBUG:colcon.colcon_core.task.python.build:While undoing a previous installation files outside the Python library path are being ignored: /home/insia/simulador_ws/imiev/install/imiev/share/imiev/launch/slam.launch.py
[2.040s] DEBUG:colcon.colcon_core.task.python.build:While undoing a previous installation files outside the Python library path are being ignored: /home/insia/simulador_ws/imiev/install/imiev/share/imiev/config/mapper_params_online_async.yaml
[2.040s] DEBUG:colcon.colcon_core.task.python.build:While undoing a previous installation files outside the Python library path are being ignored: /home/insia/simulador_ws/imiev/install/imiev/share/imiev/config/nav2_no_map_params.yaml
[2.040s] DEBUG:colcon.colcon_core.task.python.build:While undoing a previous installation files outside the Python library path are being ignored: /home/insia/simulador_ws/imiev/install/imiev/share/imiev/config/nav2_slam_params.yaml
[2.040s] DEBUG:colcon.colcon_core.task.python.build:While undoing a previous installation files outside the Python library path are being ignored: /home/insia/simulador_ws/imiev/install/imiev/share/imiev/config/imiev_bridge.yaml
[2.040s] DEBUG:colcon.colcon_core.task.python.build:While undoing a previous installation files outside the Python library path are being ignored: /home/insia/simulador_ws/imiev/install/imiev/share/imiev/config/dual_ekf_navsat_params.yaml
[2.040s] DEBUG:colcon.colcon_core.task.python.build:While undoing a previous installation files outside the Python library path are being ignored: /home/insia/simulador_ws/imiev/install/imiev/share/imiev/config/gps_wpf_demo.mvc
[2.040s] DEBUG:colcon.colcon_core.task.python.build:While undoing a previous installation files outside the Python library path are being ignored: /home/insia/simulador_ws/imiev/install/imiev/share/imiev/config/behavior_trees/navigate_through_poses_ackermann.xml
[2.040s] DEBUG:colcon.colcon_core.task.python.build:While undoing a previous installation files outside the Python library path are being ignored: /home/insia/simulador_ws/imiev/install/imiev/share/imiev/config/behavior_trees/navigate_to_pose_ackermann.xml
[2.040s] DEBUG:colcon.colcon_core.task.python.build:While undoing a previous installation files outside the Python library path are being ignored: /home/insia/simulador_ws/imiev/install/imiev/share/imiev/worlds/sonoma_raceway.world
[2.040s] DEBUG:colcon.colcon_core.task.python.build:While undoing a previous installation files outside the Python library path are being ignored: /home/insia/simulador_ws/imiev/install/imiev/share/imiev/models/imiev/robot.xacro
[2.040s] DEBUG:colcon.colcon_core.task.python.build:While undoing a previous installation files outside the Python library path are being ignored: /home/insia/simulador_ws/imiev/install/imiev/share/imiev/models/imiev/robot.gazebo
[2.041s] DEBUG:colcon.colcon_core.task.python.build:While undoing a previous installation files outside the Python library path are being ignored: /home/insia/simulador_ws/imiev/install/imiev/lib/imiev/gps_waypoint_logger
[2.041s] DEBUG:colcon.colcon_core.task.python.build:While undoing a previous installation files outside the Python library path are being ignored: /home/insia/simulador_ws/imiev/install/imiev/lib/imiev/interactive_waypoint_follower
[2.041s] DEBUG:colcon.colcon_core.task.python.build:While undoing a previous installation files outside the Python library path are being ignored: /home/insia/simulador_ws/imiev/install/imiev/lib/imiev/logged_waypoint_follower
[2.046s] DEBUG:colcon.colcon_core.event_handler.log_command:Invoking command in '/home/insia/simulador_ws/imiev/build/imiev': DEBUGINFOD_URLS=https://debuginfod.ubuntu.com PYTHONPATH=/home/insia/simulador_ws/imiev/build/imiev/prefix_override:/usr/lib/python3/dist-packages/colcon_core/task/python/colcon_distutils_commands:/home/insia/simulador_ws/imiev/install/imiev/lib/python3.12/site-packages:${PYTHONPATH} /usr/bin/python3 -W ignore:setup.py install is deprecated -W ignore:easy_install command is deprecated setup.py develop --editable --build-directory /home/insia/simulador_ws/imiev/build/imiev/build --no-deps symlink_data --force
[3.355s] Level 1:colcon.colcon_core.shell:create_environment_hook('imiev', 'pythonpath_develop')
[3.355s] INFO:colcon.colcon_core.shell:Creating environment hook '/home/insia/simulador_ws/imiev/build/imiev/share/imiev/hook/pythonpath_develop.ps1'
[3.356s] INFO:colcon.colcon_core.shell:Creating environment descriptor '/home/insia/simulador_ws/imiev/build/imiev/share/imiev/hook/pythonpath_develop.dsv'
[3.357s] INFO:colcon.colcon_core.shell:Creating environment hook '/home/insia/simulador_ws/imiev/build/imiev/share/imiev/hook/pythonpath_develop.sh'
[3.359s] DEBUG:colcon.colcon_core.event_handler.log_command:Invoked command in '/home/insia/simulador_ws/imiev/build/imiev' returned '0': DEBUGINFOD_URLS=https://debuginfod.ubuntu.com PYTHONPATH=/home/insia/simulador_ws/imiev/build/imiev/prefix_override:/usr/lib/python3/dist-packages/colcon_core/task/python/colcon_distutils_commands:/home/insia/simulador_ws/imiev/install/imiev/lib/python3.12/site-packages:${PYTHONPATH} /usr/bin/python3 -W ignore:setup.py install is deprecated -W ignore:easy_install command is deprecated setup.py develop --editable --build-directory /home/insia/simulador_ws/imiev/build/imiev/build --no-deps symlink_data --force
[3.361s] Level 1:colcon.colcon_core.environment:checking '/home/insia/simulador_ws/imiev/install/imiev' for CMake module files
[3.362s] Level 1:colcon.colcon_core.environment:checking '/home/insia/simulador_ws/imiev/install/imiev' for CMake config files
[3.364s] Level 1:colcon.colcon_core.environment:checking '/home/insia/simulador_ws/imiev/install/imiev/lib'
[3.364s] Level 1:colcon.colcon_core.environment:checking '/home/insia/simulador_ws/imiev/install/imiev/bin'
[3.364s] Level 1:colcon.colcon_core.environment:checking '/home/insia/simulador_ws/imiev/install/imiev/lib/pkgconfig/imiev.pc'
[3.364s] Level 1:colcon.colcon_core.environment:checking '/home/insia/simulador_ws/imiev/install/imiev/lib/python3.12/site-packages'
[3.365s] Level 1:colcon.colcon_core.shell:create_environment_hook('imiev', 'pythonpath')
[3.365s] INFO:colcon.colcon_core.shell:Creating environment hook '/home/insia/simulador_ws/imiev/install/imiev/share/imiev/hook/pythonpath.ps1'
[3.365s] INFO:colcon.colcon_core.shell:Creating environment descriptor '/home/insia/simulador_ws/imiev/install/imiev/share/imiev/hook/pythonpath.dsv'
[3.366s] INFO:colcon.colcon_core.shell:Creating environment hook '/home/insia/simulador_ws/imiev/install/imiev/share/imiev/hook/pythonpath.sh'
[3.367s] Level 1:colcon.colcon_core.environment:checking '/home/insia/simulador_ws/imiev/install/imiev/bin'
[3.367s] Level 1:colcon.colcon_core.environment:create_environment_scripts_only(imiev)
[3.367s] INFO:colcon.colcon_core.shell:Creating package script '/home/insia/simulador_ws/imiev/install/imiev/share/imiev/package.ps1'
[3.368s] INFO:colcon.colcon_core.shell:Creating package descriptor '/home/insia/simulador_ws/imiev/install/imiev/share/imiev/package.dsv'
[3.369s] INFO:colcon.colcon_core.shell:Creating package script '/home/insia/simulador_ws/imiev/install/imiev/share/imiev/package.sh'
[3.370s] INFO:colcon.colcon_core.shell:Creating package script '/home/insia/simulador_ws/imiev/install/imiev/share/imiev/package.bash'
[3.371s] INFO:colcon.colcon_core.shell:Creating package script '/home/insia/simulador_ws/imiev/install/imiev/share/imiev/package.zsh'
[3.372s] Level 1:colcon.colcon_core.environment:create_file_with_runtime_dependencies(/home/insia/simulador_ws/imiev/install/imiev/share/colcon-core/packages/imiev)
[3.373s] DEBUG:colcon.colcon_parallel_executor.executor.parallel:closing loop
[3.374s] DEBUG:colcon.colcon_parallel_executor.executor.parallel:loop closed
[3.374s] DEBUG:colcon.colcon_parallel_executor.executor.parallel:run_until_complete finished with '0'
[3.374s] DEBUG:colcon.colcon_core.event_reactor:joining thread
[3.406s] INFO:colcon.colcon_core.plugin_system:Skipping extension 'colcon_notification.desktop_notification.terminal_notifier': Not used on non-Darwin systems
[3.406s] INFO:colcon.colcon_core.plugin_system:Skipping extension 'colcon_notification.desktop_notification.win32': Not used on non-Windows systems
[3.406s] INFO:colcon.colcon_notification.desktop_notification:Sending desktop notification using 'notify2'
[3.429s] DEBUG:colcon.colcon_core.event_reactor:joined thread
[3.430s] INFO:colcon.colcon_core.shell:Creating prefix script '/home/insia/simulador_ws/imiev/install/local_setup.ps1'
[3.431s] INFO:colcon.colcon_core.shell:Creating prefix util module '/home/insia/simulador_ws/imiev/install/_local_setup_util_ps1.py'
[3.433s] INFO:colcon.colcon_core.shell:Creating prefix chain script '/home/insia/simulador_ws/imiev/install/setup.ps1'
[3.435s] INFO:colcon.colcon_core.shell:Creating prefix script '/home/insia/simulador_ws/imiev/install/local_setup.sh'
[3.436s] INFO:colcon.colcon_core.shell:Creating prefix util module '/home/insia/simulador_ws/imiev/install/_local_setup_util_sh.py'
[3.437s] INFO:colcon.colcon_core.shell:Creating prefix chain script '/home/insia/simulador_ws/imiev/install/setup.sh'
[3.438s] INFO:colcon.colcon_core.shell:Creating prefix script '/home/insia/simulador_ws/imiev/install/local_setup.bash'
[3.439s] INFO:colcon.colcon_core.shell:Creating prefix chain script '/home/insia/simulador_ws/imiev/install/setup.bash'
[3.441s] INFO:colcon.colcon_core.shell:Creating prefix script '/home/insia/simulador_ws/imiev/install/local_setup.zsh'
[3.442s] INFO:colcon.colcon_core.shell:Creating prefix chain script '/home/insia/simulador_ws/imiev/install/setup.zsh'
