[0.904s] Invoking command in '/home/insia/simulador_ws/imiev/src/imiev': DEBUGINFOD_URLS=https://debuginfod.ubuntu.com PYTHONPATH=/home/insia/simulador_ws/imiev/build/imiev/prefix_override:/usr/lib/python3/dist-packages/colcon_core/task/python/colcon_distutils_commands:/home/insia/simulador_ws/imiev/install/imiev/lib/python3.12/site-packages:${PYTHONPATH} /usr/bin/python3 -W ignore:setup.py install is deprecated -W ignore:easy_install command is deprecated setup.py egg_info --egg-base ../../build/imiev build --build-base /home/insia/simulador_ws/imiev/build/imiev/build install --record /home/insia/simulador_ws/imiev/build/imiev/install.log --single-version-externally-managed install_data
[1.226s] running egg_info
[1.254s] writing ../../build/imiev/imiev.egg-info/PKG-INFO
[1.254s] writing dependency_links to ../../build/imiev/imiev.egg-info/dependency_links.txt
[1.254s] writing entry points to ../../build/imiev/imiev.egg-info/entry_points.txt
[1.254s] writing requirements to ../../build/imiev/imiev.egg-info/requires.txt
[1.255s] writing top-level names to ../../build/imiev/imiev.egg-info/top_level.txt
[1.309s] reading manifest file '../../build/imiev/imiev.egg-info/SOURCES.txt'
[1.309s] writing manifest file '../../build/imiev/imiev.egg-info/SOURCES.txt'
[1.310s] running build
[1.310s] running build_py
[1.310s] copying imiev/route_follower.py -> /home/insia/simulador_ws/imiev/build/imiev/build/lib/imiev
[1.310s] running install
[1.316s] running install_lib
[1.344s] copying /home/insia/simulador_ws/imiev/build/imiev/build/lib/imiev/route_follower.py -> /home/insia/simulador_ws/imiev/install/imiev/lib/python3.12/site-packages/imiev
[1.344s] byte-compiling /home/insia/simulador_ws/imiev/install/imiev/lib/python3.12/site-packages/imiev/route_follower.py to route_follower.cpython-312.pyc
[1.346s] running install_data
[1.346s] running install_egg_info
[1.376s] removing '/home/insia/simulador_ws/imiev/install/imiev/lib/python3.12/site-packages/imiev-0.0.0-py3.12.egg-info' (and everything under it)
[1.376s] Copying ../../build/imiev/imiev.egg-info to /home/insia/simulador_ws/imiev/install/imiev/lib/python3.12/site-packages/imiev-0.0.0-py3.12.egg-info
[1.377s] running install_scripts
[1.547s] Installing gps_waypoint_logger script to /home/insia/simulador_ws/imiev/install/imiev/lib/imiev
[1.547s] Installing interactive_waypoint_follower script to /home/insia/simulador_ws/imiev/install/imiev/lib/imiev
[1.547s] Installing logged_waypoint_follower script to /home/insia/simulador_ws/imiev/install/imiev/lib/imiev
[1.547s] Installing route_follower script to /home/insia/simulador_ws/imiev/install/imiev/lib/imiev
[1.547s] Installing route_logger script to /home/insia/simulador_ws/imiev/install/imiev/lib/imiev
[1.548s] writing list of installed files to '/home/insia/simulador_ws/imiev/build/imiev/install.log'
[1.573s] Invoked command in '/home/insia/simulador_ws/imiev/src/imiev' returned '0': DEBUGINFOD_URLS=https://debuginfod.ubuntu.com PYTHONPATH=/home/insia/simulador_ws/imiev/build/imiev/prefix_override:/usr/lib/python3/dist-packages/colcon_core/task/python/colcon_distutils_commands:/home/insia/simulador_ws/imiev/install/imiev/lib/python3.12/site-packages:${PYTHONPATH} /usr/bin/python3 -W ignore:setup.py install is deprecated -W ignore:easy_install command is deprecated setup.py egg_info --egg-base ../../build/imiev build --build-base /home/insia/simulador_ws/imiev/build/imiev/build install --record /home/insia/simulador_ws/imiev/build/imiev/install.log --single-version-externally-managed install_data
