[0.974s] Invoking command in '/home/insia/simulador_ws/imiev/src/imiev': DEBUGINFOD_URLS=https://debuginfod.ubuntu.com PYTHONPATH=/home/insia/simulador_ws/imiev/build/imiev/prefix_override:/usr/lib/python3/dist-packages/colcon_core/task/python/colcon_distutils_commands:/home/insia/simulador_ws/imiev/install/imiev/lib/python3.12/site-packages:${PYTHONPATH} /usr/bin/python3 -W ignore:setup.py install is deprecated -W ignore:easy_install command is deprecated setup.py egg_info --egg-base ../../build/imiev build --build-base /home/insia/simulador_ws/imiev/build/imiev/build install --record /home/insia/simulador_ws/imiev/build/imiev/install.log --single-version-externally-managed install_data
[1.294s] running egg_info
[1.320s] writing ../../build/imiev/imiev.egg-info/PKG-INFO
[1.320s] writing dependency_links to ../../build/imiev/imiev.egg-info/dependency_links.txt
[1.321s] writing entry points to ../../build/imiev/imiev.egg-info/entry_points.txt
[1.321s] writing requirements to ../../build/imiev/imiev.egg-info/requires.txt
[1.321s] writing top-level names to ../../build/imiev/imiev.egg-info/top_level.txt
[1.374s] reading manifest file '../../build/imiev/imiev.egg-info/SOURCES.txt'
[1.375s] writing manifest file '../../build/imiev/imiev.egg-info/SOURCES.txt'
[1.376s] running build
[1.376s] running build_py
[1.376s] running install
[1.382s] running install_lib
[1.409s] running install_data
[1.409s] creating /home/insia/simulador_ws/imiev/install/imiev/share/imiev/models/imiev/meshes
[1.410s] copying models/imiev/meshes/miev_all.stl -> /home/insia/simulador_ws/imiev/install/imiev/share/imiev/models/imiev/meshes
[1.413s] running install_egg_info
[1.441s] removing '/home/insia/simulador_ws/imiev/install/imiev/lib/python3.12/site-packages/imiev-0.0.0-py3.12.egg-info' (and everything under it)
[1.441s] Copying ../../build/imiev/imiev.egg-info to /home/insia/simulador_ws/imiev/install/imiev/lib/python3.12/site-packages/imiev-0.0.0-py3.12.egg-info
[1.442s] running install_scripts
[1.612s] Installing gps_waypoint_logger script to /home/insia/simulador_ws/imiev/install/imiev/lib/imiev
[1.612s] Installing interactive_waypoint_follower script to /home/insia/simulador_ws/imiev/install/imiev/lib/imiev
[1.613s] Installing logged_waypoint_follower script to /home/insia/simulador_ws/imiev/install/imiev/lib/imiev
[1.613s] Installing route_follower script to /home/insia/simulador_ws/imiev/install/imiev/lib/imiev
[1.613s] Installing route_logger script to /home/insia/simulador_ws/imiev/install/imiev/lib/imiev
[1.613s] Installing test_turning script to /home/insia/simulador_ws/imiev/install/imiev/lib/imiev
[1.613s] writing list of installed files to '/home/insia/simulador_ws/imiev/build/imiev/install.log'
[1.638s] Invoked command in '/home/insia/simulador_ws/imiev/src/imiev' returned '0': DEBUGINFOD_URLS=https://debuginfod.ubuntu.com PYTHONPATH=/home/insia/simulador_ws/imiev/build/imiev/prefix_override:/usr/lib/python3/dist-packages/colcon_core/task/python/colcon_distutils_commands:/home/insia/simulador_ws/imiev/install/imiev/lib/python3.12/site-packages:${PYTHONPATH} /usr/bin/python3 -W ignore:setup.py install is deprecated -W ignore:easy_install command is deprecated setup.py egg_info --egg-base ../../build/imiev build --build-base /home/insia/simulador_ws/imiev/build/imiev/build install --record /home/insia/simulador_ws/imiev/build/imiev/install.log --single-version-externally-managed install_data
