[1.730s] Invoking command in '/home/insia/simulador_ws/imiev/build/imiev': DEBUGINFOD_URLS=https://debuginfod.ubuntu.com PYTHONPATH=/home/insia/simulador_ws/imiev/build/imiev/prefix_override:/usr/lib/python3/dist-packages/colcon_core/task/python/colcon_distutils_commands:/home/insia/simulador_ws/imiev/install/imiev/lib/python3.12/site-packages:${PYTHONPATH} /usr/bin/python3 -W ignore:setup.py install is deprecated -W ignore:easy_install command is deprecated setup.py develop --editable --build-directory /home/insia/simulador_ws/imiev/build/imiev/build --no-deps symlink_data
[2.376s] running develop
[2.827s] running egg_info
[2.871s] writing imiev.egg-info/PKG-INFO
[2.872s] writing dependency_links to imiev.egg-info/dependency_links.txt
[2.872s] writing entry points to imiev.egg-info/entry_points.txt
[2.872s] writing requirements to imiev.egg-info/requires.txt
[2.872s] writing top-level names to imiev.egg-info/top_level.txt
[2.965s] reading manifest file 'imiev.egg-info/SOURCES.txt'
[2.967s] writing manifest file 'imiev.egg-info/SOURCES.txt'
[3.013s] running build_ext
[3.013s] Creating /home/insia/simulador_ws/imiev/install/imiev/lib/python3.12/site-packages/imiev.egg-link (link to .)
[3.014s] Installing gps_waypoint_logger script to /home/insia/simulador_ws/imiev/install/imiev/lib/imiev
[3.014s] Installing interactive_waypoint_follower script to /home/insia/simulador_ws/imiev/install/imiev/lib/imiev
[3.015s] Installing logged_waypoint_follower script to /home/insia/simulador_ws/imiev/install/imiev/lib/imiev
[3.015s] Installing route_follower script to /home/insia/simulador_ws/imiev/install/imiev/lib/imiev
[3.017s] Installing route_logger script to /home/insia/simulador_ws/imiev/install/imiev/lib/imiev
[3.017s] Installing test_turning script to /home/insia/simulador_ws/imiev/install/imiev/lib/imiev
[3.017s] 
[3.017s] Installed /home/insia/simulador_ws/imiev/build/imiev
[3.017s] running symlink_data
[3.081s] Invoked command in '/home/insia/simulador_ws/imiev/build/imiev' returned '0': DEBUGINFOD_URLS=https://debuginfod.ubuntu.com PYTHONPATH=/home/insia/simulador_ws/imiev/build/imiev/prefix_override:/usr/lib/python3/dist-packages/colcon_core/task/python/colcon_distutils_commands:/home/insia/simulador_ws/imiev/install/imiev/lib/python3.12/site-packages:${PYTHONPATH} /usr/bin/python3 -W ignore:setup.py install is deprecated -W ignore:easy_install command is deprecated setup.py develop --editable --build-directory /home/insia/simulador_ws/imiev/build/imiev/build --no-deps symlink_data
