[0.215s] DEBUG:colcon:Command line arguments: ['/usr/bin/colcon', 'build', '--packages-select', 'imiev', '--symlink-install']
[0.215s] DEBUG:colcon:Parsed command line arguments: Namespace(log_base=None, log_level=None, verb_name='build', build_base='build', install_base='install', merge_install=False, symlink_install=True, test_result_base=None, continue_on_error=False, executor='parallel', parallel_workers=8, event_handlers=None, ignore_user_meta=False, metas=['./colcon.meta'], base_paths=['.'], packages_ignore=None, packages_ignore_regex=None, paths=None, packages_up_to=None, packages_up_to_regex=None, packages_above=None, packages_above_and_dependencies=None, packages_above_depth=None, packages_select_by_dep=None, packages_skip_by_dep=None, packages_skip_up_to=None, packages_select_build_failed=False, packages_skip_build_finished=False, packages_select_test_failures=False, packages_skip_test_passed=False, packages_select=['imiev'], packages_skip=None, packages_select_regex=None, packages_skip_regex=None, packages_start=None, packages_end=None, allow_overriding=[], cmake_args=None, cmake_target=None, cmake_target_skip_unavailable=False, cmake_clean_cache=False, cmake_clean_first=False, cmake_force_configure=False, ament_cmake_args=None, catkin_cmake_args=None, catkin_skip_building_tests=False, mixin_files=None, mixin=None, verb_parser=<colcon_mixin.mixin.mixin_argument.MixinArgumentDecorator object at 0x704a329dcc20>, verb_extension=<colcon_core.verb.build.BuildVerb object at 0x704a32901220>, main=<bound method BuildVerb.main of <colcon_core.verb.build.BuildVerb object at 0x704a32901220>>, mixin_verb=('build',))
[0.286s] Level 1:colcon.colcon_core.package_discovery:discover_packages(colcon_meta) check parameters
[0.286s] Level 1:colcon.colcon_core.package_discovery:discover_packages(recursive) check parameters
[0.286s] Level 1:colcon.colcon_core.package_discovery:discover_packages(ignore) check parameters
[0.286s] Level 1:colcon.colcon_core.package_discovery:discover_packages(path) check parameters
[0.287s] Level 1:colcon.colcon_core.package_discovery:discover_packages(colcon_meta) discover
[0.287s] Level 1:colcon.colcon_core.package_discovery:discover_packages(recursive) discover
[0.287s] INFO:colcon.colcon_core.package_discovery:Crawling recursively for packages in '/home/insia/simulador_ws/imiev'
[0.287s] Level 1:colcon.colcon_core.package_identification:_identify(.) by extensions ['ignore', 'ignore_ament_install']
[0.288s] Level 1:colcon.colcon_core.package_identification:_identify(.) by extension 'ignore'
[0.288s] Level 1:colcon.colcon_core.package_identification:_identify(.) by extension 'ignore_ament_install'
[0.288s] Level 1:colcon.colcon_core.package_identification:_identify(.) by extensions ['colcon_pkg']
[0.288s] Level 1:colcon.colcon_core.package_identification:_identify(.) by extension 'colcon_pkg'
[0.288s] Level 1:colcon.colcon_core.package_identification:_identify(.) by extensions ['colcon_meta']
[0.288s] Level 1:colcon.colcon_core.package_identification:_identify(.) by extension 'colcon_meta'
[0.288s] Level 1:colcon.colcon_core.package_identification:_identify(.) by extensions ['ros']
[0.288s] Level 1:colcon.colcon_core.package_identification:_identify(.) by extension 'ros'
[0.334s] Level 1:colcon.colcon_core.package_identification:_identify(.) by extensions ['cmake', 'python']
[0.335s] Level 1:colcon.colcon_core.package_identification:_identify(.) by extension 'cmake'
[0.335s] Level 1:colcon.colcon_core.package_identification:_identify(.) by extension 'python'
[0.335s] Level 1:colcon.colcon_core.package_identification:_identify(.) by extensions ['python_setup_py']
[0.335s] Level 1:colcon.colcon_core.package_identification:_identify(.) by extension 'python_setup_py'
[0.335s] Level 1:colcon.colcon_core.package_identification:_identify(build) by extensions ['ignore', 'ignore_ament_install']
[0.335s] Level 1:colcon.colcon_core.package_identification:_identify(build) by extension 'ignore'
[0.336s] Level 1:colcon.colcon_core.package_identification:_identify(build) ignored
[0.336s] Level 1:colcon.colcon_core.package_identification:_identify(install) by extensions ['ignore', 'ignore_ament_install']
[0.336s] Level 1:colcon.colcon_core.package_identification:_identify(install) by extension 'ignore'
[0.336s] Level 1:colcon.colcon_core.package_identification:_identify(install) ignored
[0.337s] Level 1:colcon.colcon_core.package_identification:_identify(log) by extensions ['ignore', 'ignore_ament_install']
[0.337s] Level 1:colcon.colcon_core.package_identification:_identify(log) by extension 'ignore'
[0.337s] Level 1:colcon.colcon_core.package_identification:_identify(log) ignored
[0.337s] Level 1:colcon.colcon_core.package_identification:_identify(src) by extensions ['ignore', 'ignore_ament_install']
[0.337s] Level 1:colcon.colcon_core.package_identification:_identify(src) by extension 'ignore'
[0.337s] Level 1:colcon.colcon_core.package_identification:_identify(src) by extension 'ignore_ament_install'
[0.337s] Level 1:colcon.colcon_core.package_identification:_identify(src) by extensions ['colcon_pkg']
[0.337s] Level 1:colcon.colcon_core.package_identification:_identify(src) by extension 'colcon_pkg'
[0.337s] Level 1:colcon.colcon_core.package_identification:_identify(src) by extensions ['colcon_meta']
[0.337s] Level 1:colcon.colcon_core.package_identification:_identify(src) by extension 'colcon_meta'
[0.337s] Level 1:colcon.colcon_core.package_identification:_identify(src) by extensions ['ros']
[0.337s] Level 1:colcon.colcon_core.package_identification:_identify(src) by extension 'ros'
[0.338s] Level 1:colcon.colcon_core.package_identification:_identify(src) by extensions ['cmake', 'python']
[0.338s] Level 1:colcon.colcon_core.package_identification:_identify(src) by extension 'cmake'
[0.338s] Level 1:colcon.colcon_core.package_identification:_identify(src) by extension 'python'
[0.338s] Level 1:colcon.colcon_core.package_identification:_identify(src) by extensions ['python_setup_py']
[0.338s] Level 1:colcon.colcon_core.package_identification:_identify(src) by extension 'python_setup_py'
[0.338s] Level 1:colcon.colcon_core.package_identification:_identify(src/imiev) by extensions ['ignore', 'ignore_ament_install']
[0.338s] Level 1:colcon.colcon_core.package_identification:_identify(src/imiev) by extension 'ignore'
[0.338s] Level 1:colcon.colcon_core.package_identification:_identify(src/imiev) by extension 'ignore_ament_install'
[0.338s] Level 1:colcon.colcon_core.package_identification:_identify(src/imiev) by extensions ['colcon_pkg']
[0.338s] Level 1:colcon.colcon_core.package_identification:_identify(src/imiev) by extension 'colcon_pkg'
[0.338s] Level 1:colcon.colcon_core.package_identification:_identify(src/imiev) by extensions ['colcon_meta']
[0.338s] Level 1:colcon.colcon_core.package_identification:_identify(src/imiev) by extension 'colcon_meta'
[0.338s] Level 1:colcon.colcon_core.package_identification:_identify(src/imiev) by extensions ['ros']
[0.338s] Level 1:colcon.colcon_core.package_identification:_identify(src/imiev) by extension 'ros'
[0.342s] DEBUG:colcon.colcon_core.package_identification:Package 'src/imiev' with type 'ros.ament_python' and name 'imiev'
[0.342s] Level 1:colcon.colcon_core.package_discovery:discover_packages(recursive) using defaults
[0.342s] Level 1:colcon.colcon_core.package_discovery:discover_packages(ignore) discover
[0.342s] Level 1:colcon.colcon_core.package_discovery:discover_packages(ignore) using defaults
[0.342s] Level 1:colcon.colcon_core.package_discovery:discover_packages(path) discover
[0.342s] Level 1:colcon.colcon_core.package_discovery:discover_packages(path) using defaults
[0.368s] Level 1:colcon.colcon_core.package_discovery:discover_packages(prefix_path) check parameters
[0.368s] Level 1:colcon.colcon_core.package_discovery:discover_packages(prefix_path) discover
[0.372s] DEBUG:colcon.colcon_installed_package_information.package_discovery:Found 5 installed packages in /home/insia/simulador_ws/install
[0.373s] DEBUG:colcon.colcon_installed_package_information.package_discovery:Found 3 installed packages in /home/insia/simulador_ws/ackerman/install
[0.374s] DEBUG:colcon.colcon_installed_package_information.package_discovery:Found 1 installed packages in /home/insia/simulador_ws/imiev/install
[0.379s] DEBUG:colcon.colcon_installed_package_information.package_discovery:Found 467 installed packages in /opt/ros/jazzy
[0.382s] Level 1:colcon.colcon_core.package_discovery:discover_packages(prefix_path) using defaults
[0.493s] Level 5:colcon.colcon_core.verb:set package 'imiev' build argument 'cmake_args' from command line to 'None'
[0.493s] Level 5:colcon.colcon_core.verb:set package 'imiev' build argument 'cmake_target' from command line to 'None'
[0.494s] Level 5:colcon.colcon_core.verb:set package 'imiev' build argument 'cmake_target_skip_unavailable' from command line to 'False'
[0.494s] Level 5:colcon.colcon_core.verb:set package 'imiev' build argument 'cmake_clean_cache' from command line to 'False'
[0.494s] Level 5:colcon.colcon_core.verb:set package 'imiev' build argument 'cmake_clean_first' from command line to 'False'
[0.494s] Level 5:colcon.colcon_core.verb:set package 'imiev' build argument 'cmake_force_configure' from command line to 'False'
[0.494s] Level 5:colcon.colcon_core.verb:set package 'imiev' build argument 'ament_cmake_args' from command line to 'None'
[0.494s] Level 5:colcon.colcon_core.verb:set package 'imiev' build argument 'catkin_cmake_args' from command line to 'None'
[0.494s] Level 5:colcon.colcon_core.verb:set package 'imiev' build argument 'catkin_skip_building_tests' from command line to 'False'
[0.494s] DEBUG:colcon.colcon_core.verb:Building package 'imiev' with the following arguments: {'ament_cmake_args': None, 'build_base': '/home/insia/simulador_ws/imiev/build/imiev', 'catkin_cmake_args': None, 'catkin_skip_building_tests': False, 'cmake_args': None, 'cmake_clean_cache': False, 'cmake_clean_first': False, 'cmake_force_configure': False, 'cmake_target': None, 'cmake_target_skip_unavailable': False, 'install_base': '/home/insia/simulador_ws/imiev/install/imiev', 'merge_install': False, 'path': '/home/insia/simulador_ws/imiev/src/imiev', 'symlink_install': True, 'test_result_base': None}
[0.494s] INFO:colcon.colcon_core.executor:Executing jobs using 'parallel' executor
[0.495s] DEBUG:colcon.colcon_parallel_executor.executor.parallel:run_until_complete
[0.496s] INFO:colcon.colcon_ros.task.ament_python.build:Building ROS package in '/home/insia/simulador_ws/imiev/src/imiev' with build type 'ament_python'
[0.496s] Level 1:colcon.colcon_core.shell:create_environment_hook('imiev', 'ament_prefix_path')
[0.499s] INFO:colcon.colcon_core.plugin_system:Skipping extension 'colcon_core.shell.bat': Not used on non-Windows systems
[0.499s] INFO:colcon.colcon_core.shell:Creating environment hook '/home/insia/simulador_ws/imiev/install/imiev/share/imiev/hook/ament_prefix_path.ps1'
[0.500s] INFO:colcon.colcon_core.shell:Creating environment descriptor '/home/insia/simulador_ws/imiev/install/imiev/share/imiev/hook/ament_prefix_path.dsv'
[0.501s] INFO:colcon.colcon_core.shell:Creating environment hook '/home/insia/simulador_ws/imiev/install/imiev/share/imiev/hook/ament_prefix_path.sh'
[0.502s] INFO:colcon.colcon_core.shell:Skip shell extension 'powershell' for command environment: Not usable outside of PowerShell
[0.502s] DEBUG:colcon.colcon_core.shell:Skip shell extension 'dsv' for command environment
[0.995s] INFO:colcon.colcon_core.task.python.build:Building Python package in '/home/insia/simulador_ws/imiev/src/imiev'
[0.995s] INFO:colcon.colcon_core.shell:Skip shell extension 'powershell' for command environment: Not usable outside of PowerShell
[0.995s] DEBUG:colcon.colcon_core.shell:Skip shell extension 'dsv' for command environment
[2.226s] DEBUG:colcon.colcon_core.event_handler.log_command:Invoking command in '/home/insia/simulador_ws/imiev/build/imiev': DEBUGINFOD_URLS=https://debuginfod.ubuntu.com PYTHONPATH=/home/insia/simulador_ws/imiev/build/imiev/prefix_override:/usr/lib/python3/dist-packages/colcon_core/task/python/colcon_distutils_commands:/home/insia/simulador_ws/imiev/install/imiev/lib/python3.12/site-packages:${PYTHONPATH} /usr/bin/python3 -W ignore:setup.py install is deprecated -W ignore:easy_install command is deprecated setup.py develop --editable --build-directory /home/insia/simulador_ws/imiev/build/imiev/build --no-deps symlink_data
[3.576s] Level 1:colcon.colcon_core.shell:create_environment_hook('imiev', 'pythonpath_develop')
[3.577s] INFO:colcon.colcon_core.shell:Creating environment hook '/home/insia/simulador_ws/imiev/build/imiev/share/imiev/hook/pythonpath_develop.ps1'
[3.578s] INFO:colcon.colcon_core.shell:Creating environment descriptor '/home/insia/simulador_ws/imiev/build/imiev/share/imiev/hook/pythonpath_develop.dsv'
[3.578s] INFO:colcon.colcon_core.shell:Creating environment hook '/home/insia/simulador_ws/imiev/build/imiev/share/imiev/hook/pythonpath_develop.sh'
[3.577s] DEBUG:colcon.colcon_core.event_handler.log_command:Invoked command in '/home/insia/simulador_ws/imiev/build/imiev' returned '0': DEBUGINFOD_URLS=https://debuginfod.ubuntu.com PYTHONPATH=/home/insia/simulador_ws/imiev/build/imiev/prefix_override:/usr/lib/python3/dist-packages/colcon_core/task/python/colcon_distutils_commands:/home/insia/simulador_ws/imiev/install/imiev/lib/python3.12/site-packages:${PYTHONPATH} /usr/bin/python3 -W ignore:setup.py install is deprecated -W ignore:easy_install command is deprecated setup.py develop --editable --build-directory /home/insia/simulador_ws/imiev/build/imiev/build --no-deps symlink_data
[3.583s] Level 1:colcon.colcon_core.environment:checking '/home/insia/simulador_ws/imiev/install/imiev' for CMake module files
[3.584s] Level 1:colcon.colcon_core.environment:checking '/home/insia/simulador_ws/imiev/install/imiev' for CMake config files
[3.585s] Level 1:colcon.colcon_core.environment:checking '/home/insia/simulador_ws/imiev/install/imiev/lib'
[3.585s] Level 1:colcon.colcon_core.environment:checking '/home/insia/simulador_ws/imiev/install/imiev/bin'
[3.586s] Level 1:colcon.colcon_core.environment:checking '/home/insia/simulador_ws/imiev/install/imiev/lib/pkgconfig/imiev.pc'
[3.586s] Level 1:colcon.colcon_core.environment:checking '/home/insia/simulador_ws/imiev/install/imiev/lib/python3.12/site-packages'
[3.586s] Level 1:colcon.colcon_core.shell:create_environment_hook('imiev', 'pythonpath')
[3.587s] INFO:colcon.colcon_core.shell:Creating environment hook '/home/insia/simulador_ws/imiev/install/imiev/share/imiev/hook/pythonpath.ps1'
[3.588s] INFO:colcon.colcon_core.shell:Creating environment descriptor '/home/insia/simulador_ws/imiev/install/imiev/share/imiev/hook/pythonpath.dsv'
[3.588s] INFO:colcon.colcon_core.shell:Creating environment hook '/home/insia/simulador_ws/imiev/install/imiev/share/imiev/hook/pythonpath.sh'
[3.589s] Level 1:colcon.colcon_core.environment:checking '/home/insia/simulador_ws/imiev/install/imiev/bin'
[3.589s] Level 1:colcon.colcon_core.environment:create_environment_scripts_only(imiev)
[3.590s] INFO:colcon.colcon_core.shell:Creating package script '/home/insia/simulador_ws/imiev/install/imiev/share/imiev/package.ps1'
[3.591s] INFO:colcon.colcon_core.shell:Creating package descriptor '/home/insia/simulador_ws/imiev/install/imiev/share/imiev/package.dsv'
[3.592s] INFO:colcon.colcon_core.shell:Creating package script '/home/insia/simulador_ws/imiev/install/imiev/share/imiev/package.sh'
[3.593s] INFO:colcon.colcon_core.shell:Creating package script '/home/insia/simulador_ws/imiev/install/imiev/share/imiev/package.bash'
[3.594s] INFO:colcon.colcon_core.shell:Creating package script '/home/insia/simulador_ws/imiev/install/imiev/share/imiev/package.zsh'
[3.595s] Level 1:colcon.colcon_core.environment:create_file_with_runtime_dependencies(/home/insia/simulador_ws/imiev/install/imiev/share/colcon-core/packages/imiev)
[3.596s] DEBUG:colcon.colcon_parallel_executor.executor.parallel:closing loop
[3.596s] DEBUG:colcon.colcon_parallel_executor.executor.parallel:loop closed
[3.596s] DEBUG:colcon.colcon_parallel_executor.executor.parallel:run_until_complete finished with '0'
[3.596s] DEBUG:colcon.colcon_core.event_reactor:joining thread
[3.622s] INFO:colcon.colcon_core.plugin_system:Skipping extension 'colcon_notification.desktop_notification.terminal_notifier': Not used on non-Darwin systems
[3.622s] INFO:colcon.colcon_core.plugin_system:Skipping extension 'colcon_notification.desktop_notification.win32': Not used on non-Windows systems
[3.622s] INFO:colcon.colcon_notification.desktop_notification:Sending desktop notification using 'notify2'
[3.638s] DEBUG:colcon.colcon_core.event_reactor:joined thread
[3.638s] INFO:colcon.colcon_core.shell:Creating prefix script '/home/insia/simulador_ws/imiev/install/local_setup.ps1'
[3.639s] INFO:colcon.colcon_core.shell:Creating prefix util module '/home/insia/simulador_ws/imiev/install/_local_setup_util_ps1.py'
[3.640s] INFO:colcon.colcon_core.shell:Creating prefix chain script '/home/insia/simulador_ws/imiev/install/setup.ps1'
[3.643s] INFO:colcon.colcon_core.shell:Creating prefix script '/home/insia/simulador_ws/imiev/install/local_setup.sh'
[3.643s] INFO:colcon.colcon_core.shell:Creating prefix util module '/home/insia/simulador_ws/imiev/install/_local_setup_util_sh.py'
[3.644s] INFO:colcon.colcon_core.shell:Creating prefix chain script '/home/insia/simulador_ws/imiev/install/setup.sh'
[3.648s] INFO:colcon.colcon_core.shell:Creating prefix script '/home/insia/simulador_ws/imiev/install/local_setup.bash'
[3.649s] INFO:colcon.colcon_core.shell:Creating prefix chain script '/home/insia/simulador_ws/imiev/install/setup.bash'
[3.652s] INFO:colcon.colcon_core.shell:Creating prefix script '/home/insia/simulador_ws/imiev/install/local_setup.zsh'
[3.653s] INFO:colcon.colcon_core.shell:Creating prefix chain script '/home/insia/simulador_ws/imiev/install/setup.zsh'
