[1.829s] Invoking command in '/home/insia/simulador_ws/imiev/build/imiev': DEBUGINFOD_URLS=https://debuginfod.ubuntu.com PYTHONPATH=/home/insia/simulador_ws/imiev/build/imiev/prefix_override:/usr/lib/python3/dist-packages/colcon_core/task/python/colcon_distutils_commands:/home/insia/simulador_ws/imiev/install/imiev/lib/python3.12/site-packages:${PYTHONPATH} /usr/bin/python3 -W ignore:setup.py install is deprecated -W ignore:easy_install command is deprecated setup.py develop --editable --build-directory /home/insia/simulador_ws/imiev/build/imiev/build --no-deps symlink_data --force
[2.576s] running develop
[3.115s] running egg_info
[3.162s] writing imiev.egg-info/PKG-INFO
[3.162s] writing dependency_links to imiev.egg-info/dependency_links.txt
[3.163s] writing entry points to imiev.egg-info/entry_points.txt
[3.163s] writing requirements to imiev.egg-info/requires.txt
[3.163s] writing top-level names to imiev.egg-info/top_level.txt
[3.267s] reading manifest file 'imiev.egg-info/SOURCES.txt'
[3.269s] writing manifest file 'imiev.egg-info/SOURCES.txt'
[3.317s] running build_ext
[3.317s] Creating /home/insia/simulador_ws/imiev/install/imiev/lib/python3.12/site-packages/imiev.egg-link (link to .)
[3.319s] Installing gps_waypoint_logger script to /home/insia/simulador_ws/imiev/install/imiev/lib/imiev
[3.320s] Installing interactive_waypoint_follower script to /home/insia/simulador_ws/imiev/install/imiev/lib/imiev
[3.320s] Installing logged_waypoint_follower script to /home/insia/simulador_ws/imiev/install/imiev/lib/imiev
[3.320s] Installing route_follower script to /home/insia/simulador_ws/imiev/install/imiev/lib/imiev
[3.321s] Installing route_logger script to /home/insia/simulador_ws/imiev/install/imiev/lib/imiev
[3.323s] Installing test_turning script to /home/insia/simulador_ws/imiev/install/imiev/lib/imiev
[3.323s] 
[3.324s] Installed /home/insia/simulador_ws/imiev/build/imiev
[3.324s] running symlink_data
[3.324s] symbolically linking /home/insia/simulador_ws/imiev/build/imiev/resource/imiev -> /home/insia/simulador_ws/imiev/install/imiev/share/ament_index/resource_index/packages
[3.324s] symbolically linking /home/insia/simulador_ws/imiev/build/imiev/package.xml -> /home/insia/simulador_ws/imiev/install/imiev/share/imiev
[3.324s] symbolically linking /home/insia/simulador_ws/imiev/build/imiev/launch/gps_waypoint_follower.launch.py -> /home/insia/simulador_ws/imiev/install/imiev/share/imiev/launch
[3.324s] symbolically linking /home/insia/simulador_ws/imiev/build/imiev/launch/dual_ekf_navsat.launch.py -> /home/insia/simulador_ws/imiev/install/imiev/share/imiev/launch
[3.324s] symbolically linking /home/insia/simulador_ws/imiev/build/imiev/launch/mapviz.launch.py -> /home/insia/simulador_ws/imiev/install/imiev/share/imiev/launch
[3.325s] symbolically linking /home/insia/simulador_ws/imiev/build/imiev/launch/gazebo_model.launch.py -> /home/insia/simulador_ws/imiev/install/imiev/share/imiev/launch
[3.325s] symbolically linking /home/insia/simulador_ws/imiev/build/imiev/launch/slam.launch.py -> /home/insia/simulador_ws/imiev/install/imiev/share/imiev/launch
[3.325s] symbolically linking /home/insia/simulador_ws/imiev/build/imiev/config/mapper_params_online_async.yaml -> /home/insia/simulador_ws/imiev/install/imiev/share/imiev/config
[3.325s] symbolically linking /home/insia/simulador_ws/imiev/build/imiev/config/nav2_no_map_params.yaml -> /home/insia/simulador_ws/imiev/install/imiev/share/imiev/config
[3.326s] symbolically linking /home/insia/simulador_ws/imiev/build/imiev/config/nav2_slam_params.yaml -> /home/insia/simulador_ws/imiev/install/imiev/share/imiev/config
[3.327s] symbolically linking /home/insia/simulador_ws/imiev/build/imiev/config/imiev_bridge.yaml -> /home/insia/simulador_ws/imiev/install/imiev/share/imiev/config
[3.328s] symbolically linking /home/insia/simulador_ws/imiev/build/imiev/config/dual_ekf_navsat_params.yaml -> /home/insia/simulador_ws/imiev/install/imiev/share/imiev/config
[3.328s] symbolically linking /home/insia/simulador_ws/imiev/build/imiev/config/gps_wpf_demo.mvc -> /home/insia/simulador_ws/imiev/install/imiev/share/imiev/config
[3.328s] symbolically linking /home/insia/simulador_ws/imiev/build/imiev/config/behavior_trees/navigate_through_poses_ackermann.xml -> /home/insia/simulador_ws/imiev/install/imiev/share/imiev/config/behavior_trees
[3.328s] symbolically linking /home/insia/simulador_ws/imiev/build/imiev/config/behavior_trees/navigate_to_pose_ackermann.xml -> /home/insia/simulador_ws/imiev/install/imiev/share/imiev/config/behavior_trees
[3.329s] symbolically linking /home/insia/simulador_ws/imiev/build/imiev/worlds/sonoma_raceway.world -> /home/insia/simulador_ws/imiev/install/imiev/share/imiev/worlds
[3.329s] symbolically linking /home/insia/simulador_ws/imiev/build/imiev/models/robot.xacro -> /home/insia/simulador_ws/imiev/install/imiev/share/imiev/models/imiev
[3.329s] symbolically linking /home/insia/simulador_ws/imiev/build/imiev/models/robot.gazebo -> /home/insia/simulador_ws/imiev/install/imiev/share/imiev/models/imiev
[3.330s] symbolically linking /home/insia/simulador_ws/imiev/build/imiev/models/imiev/meshes/miev_all.stl -> /home/insia/simulador_ws/imiev/install/imiev/share/imiev/models/imiev/meshes
[3.419s] Invoked command in '/home/insia/simulador_ws/imiev/build/imiev' returned '0': DEBUGINFOD_URLS=https://debuginfod.ubuntu.com PYTHONPATH=/home/insia/simulador_ws/imiev/build/imiev/prefix_override:/usr/lib/python3/dist-packages/colcon_core/task/python/colcon_distutils_commands:/home/insia/simulador_ws/imiev/install/imiev/lib/python3.12/site-packages:${PYTHONPATH} /usr/bin/python3 -W ignore:setup.py install is deprecated -W ignore:easy_install command is deprecated setup.py develop --editable --build-directory /home/insia/simulador_ws/imiev/build/imiev/build --no-deps symlink_data --force
