[0.877s] Invoking command in '/home/insia/simulador_ws/imiev/src/imiev': DEBUGINFOD_URLS=https://debuginfod.ubuntu.com PYTHONPATH=/home/insia/simulador_ws/imiev/build/imiev/prefix_override:/usr/lib/python3/dist-packages/colcon_core/task/python/colcon_distutils_commands:/home/insia/simulador_ws/imiev/install/imiev/lib/python3.12/site-packages:${PYTHONPATH} /usr/bin/python3 -W ignore:setup.py install is deprecated -W ignore:easy_install command is deprecated setup.py egg_info --egg-base ../../build/imiev build --build-base /home/insia/simulador_ws/imiev/build/imiev/build install --record /home/insia/simulador_ws/imiev/build/imiev/install.log --single-version-externally-managed install_data
[1.174s] running egg_info
[1.199s] writing ../../build/imiev/imiev.egg-info/PKG-INFO
[1.199s] writing dependency_links to ../../build/imiev/imiev.egg-info/dependency_links.txt
[1.199s] writing entry points to ../../build/imiev/imiev.egg-info/entry_points.txt
[1.200s] writing requirements to ../../build/imiev/imiev.egg-info/requires.txt
[1.200s] writing top-level names to ../../build/imiev/imiev.egg-info/top_level.txt
[1.252s] reading manifest file '../../build/imiev/imiev.egg-info/SOURCES.txt'
[1.252s] writing manifest file '../../build/imiev/imiev.egg-info/SOURCES.txt'
[1.253s] running build
[1.253s] running build_py
[1.253s] running install
[1.261s] running install_lib
[1.292s] running install_data
[1.292s] running install_egg_info
[1.323s] removing '/home/insia/simulador_ws/imiev/install/imiev/lib/python3.12/site-packages/imiev-0.0.0-py3.12.egg-info' (and everything under it)
[1.323s] Copying ../../build/imiev/imiev.egg-info to /home/insia/simulador_ws/imiev/install/imiev/lib/python3.12/site-packages/imiev-0.0.0-py3.12.egg-info
[1.324s] running install_scripts
[1.485s] Installing gps_waypoint_logger script to /home/insia/simulador_ws/imiev/install/imiev/lib/imiev
[1.486s] Installing interactive_waypoint_follower script to /home/insia/simulador_ws/imiev/install/imiev/lib/imiev
[1.486s] Installing logged_waypoint_follower script to /home/insia/simulador_ws/imiev/install/imiev/lib/imiev
[1.486s] Installing route_follower script to /home/insia/simulador_ws/imiev/install/imiev/lib/imiev
[1.486s] Installing route_logger script to /home/insia/simulador_ws/imiev/install/imiev/lib/imiev
[1.486s] writing list of installed files to '/home/insia/simulador_ws/imiev/build/imiev/install.log'
[1.511s] Invoked command in '/home/insia/simulador_ws/imiev/src/imiev' returned '0': DEBUGINFOD_URLS=https://debuginfod.ubuntu.com PYTHONPATH=/home/insia/simulador_ws/imiev/build/imiev/prefix_override:/usr/lib/python3/dist-packages/colcon_core/task/python/colcon_distutils_commands:/home/insia/simulador_ws/imiev/install/imiev/lib/python3.12/site-packages:${PYTHONPATH} /usr/bin/python3 -W ignore:setup.py install is deprecated -W ignore:easy_install command is deprecated setup.py egg_info --egg-base ../../build/imiev build --build-base /home/insia/simulador_ws/imiev/build/imiev/build install --record /home/insia/simulador_ws/imiev/build/imiev/install.log --single-version-externally-managed install_data
