[1.704s] Invoking command in '/home/insia/simulador_ws/imiev/build/imiev': DEBUGINFOD_URLS=https://debuginfod.ubuntu.com PYTHONPATH=/home/insia/simulador_ws/imiev/build/imiev/prefix_override:/usr/lib/python3/dist-packages/colcon_core/task/python/colcon_distutils_commands:/home/insia/simulador_ws/imiev/install/imiev/lib/python3.12/site-packages:${PYTHONPATH} /usr/bin/python3 -W ignore:setup.py install is deprecated -W ignore:easy_install command is deprecated setup.py develop --editable --build-directory /home/insia/simulador_ws/imiev/build/imiev/build --no-deps symlink_data --force
[2.367s] running develop
[2.829s] running egg_info
[2.879s] writing imiev.egg-info/PKG-INFO
[2.880s] writing dependency_links to imiev.egg-info/dependency_links.txt
[2.880s] writing entry points to imiev.egg-info/entry_points.txt
[2.880s] writing requirements to imiev.egg-info/requires.txt
[2.881s] writing top-level names to imiev.egg-info/top_level.txt
[2.973s] reading manifest file 'imiev.egg-info/SOURCES.txt'
[2.974s] writing manifest file 'imiev.egg-info/SOURCES.txt'
[3.022s] running build_ext
[3.022s] Creating /home/insia/simulador_ws/imiev/install/imiev/lib/python3.12/site-packages/imiev.egg-link (link to .)
[3.024s] Installing gps_waypoint_logger script to /home/insia/simulador_ws/imiev/install/imiev/lib/imiev
[3.025s] Installing interactive_waypoint_follower script to /home/insia/simulador_ws/imiev/install/imiev/lib/imiev
[3.025s] Installing logged_waypoint_follower script to /home/insia/simulador_ws/imiev/install/imiev/lib/imiev
[3.025s] Installing route_follower script to /home/insia/simulador_ws/imiev/install/imiev/lib/imiev
[3.025s] Installing route_logger script to /home/insia/simulador_ws/imiev/install/imiev/lib/imiev
[3.025s] Installing test_turning script to /home/insia/simulador_ws/imiev/install/imiev/lib/imiev
[3.025s] 
[3.025s] Installed /home/insia/simulador_ws/imiev/build/imiev
[3.025s] running symlink_data
[3.029s] symbolically linking /home/insia/simulador_ws/imiev/build/imiev/resource/imiev -> /home/insia/simulador_ws/imiev/install/imiev/share/ament_index/resource_index/packages
[3.029s] symbolically linking /home/insia/simulador_ws/imiev/build/imiev/package.xml -> /home/insia/simulador_ws/imiev/install/imiev/share/imiev
[3.029s] symbolically linking /home/insia/simulador_ws/imiev/build/imiev/launch/gps_waypoint_follower.launch.py -> /home/insia/simulador_ws/imiev/install/imiev/share/imiev/launch
[3.029s] symbolically linking /home/insia/simulador_ws/imiev/build/imiev/launch/dual_ekf_navsat.launch.py -> /home/insia/simulador_ws/imiev/install/imiev/share/imiev/launch
[3.029s] symbolically linking /home/insia/simulador_ws/imiev/build/imiev/launch/mapviz.launch.py -> /home/insia/simulador_ws/imiev/install/imiev/share/imiev/launch
[3.029s] symbolically linking /home/insia/simulador_ws/imiev/build/imiev/launch/gazebo_model.launch.py -> /home/insia/simulador_ws/imiev/install/imiev/share/imiev/launch
[3.029s] symbolically linking /home/insia/simulador_ws/imiev/build/imiev/launch/slam.launch.py -> /home/insia/simulador_ws/imiev/install/imiev/share/imiev/launch
[3.030s] symbolically linking /home/insia/simulador_ws/imiev/build/imiev/config/mapper_params_online_async.yaml -> /home/insia/simulador_ws/imiev/install/imiev/share/imiev/config
[3.030s] symbolically linking /home/insia/simulador_ws/imiev/build/imiev/config/nav2_no_map_params.yaml -> /home/insia/simulador_ws/imiev/install/imiev/share/imiev/config
[3.030s] symbolically linking /home/insia/simulador_ws/imiev/build/imiev/config/nav2_slam_params.yaml -> /home/insia/simulador_ws/imiev/install/imiev/share/imiev/config
[3.030s] symbolically linking /home/insia/simulador_ws/imiev/build/imiev/config/imiev_bridge.yaml -> /home/insia/simulador_ws/imiev/install/imiev/share/imiev/config
[3.030s] symbolically linking /home/insia/simulador_ws/imiev/build/imiev/config/dual_ekf_navsat_params.yaml -> /home/insia/simulador_ws/imiev/install/imiev/share/imiev/config
[3.030s] symbolically linking /home/insia/simulador_ws/imiev/build/imiev/config/gps_wpf_demo.mvc -> /home/insia/simulador_ws/imiev/install/imiev/share/imiev/config
[3.030s] symbolically linking /home/insia/simulador_ws/imiev/build/imiev/config/behavior_trees/navigate_through_poses_ackermann.xml -> /home/insia/simulador_ws/imiev/install/imiev/share/imiev/config/behavior_trees
[3.030s] symbolically linking /home/insia/simulador_ws/imiev/build/imiev/config/behavior_trees/navigate_to_pose_ackermann.xml -> /home/insia/simulador_ws/imiev/install/imiev/share/imiev/config/behavior_trees
[3.030s] symbolically linking /home/insia/simulador_ws/imiev/build/imiev/worlds/sonoma_raceway.world -> /home/insia/simulador_ws/imiev/install/imiev/share/imiev/worlds
[3.031s] symbolically linking /home/insia/simulador_ws/imiev/build/imiev/models/robot.xacro -> /home/insia/simulador_ws/imiev/install/imiev/share/imiev/models/imiev
[3.031s] symbolically linking /home/insia/simulador_ws/imiev/build/imiev/models/robot.gazebo -> /home/insia/simulador_ws/imiev/install/imiev/share/imiev/models/imiev
[3.104s] Invoked command in '/home/insia/simulador_ws/imiev/build/imiev' returned '0': DEBUGINFOD_URLS=https://debuginfod.ubuntu.com PYTHONPATH=/home/insia/simulador_ws/imiev/build/imiev/prefix_override:/usr/lib/python3/dist-packages/colcon_core/task/python/colcon_distutils_commands:/home/insia/simulador_ws/imiev/install/imiev/lib/python3.12/site-packages:${PYTHONPATH} /usr/bin/python3 -W ignore:setup.py install is deprecated -W ignore:easy_install command is deprecated setup.py develop --editable --build-directory /home/insia/simulador_ws/imiev/build/imiev/build --no-deps symlink_data --force
