[1.334s] Invoking command in '/home/insia/simulador_ws/imiev/src/imiev': DEBUGINFOD_URLS=https://debuginfod.ubuntu.com PYTHONPATH=/home/insia/simulador_ws/imiev/build/imiev/prefix_override:/usr/lib/python3/dist-packages/colcon_core/task/python/colcon_distutils_commands:/home/insia/simulador_ws/imiev/install/imiev/lib/python3.12/site-packages:${PYTHONPATH} /usr/bin/python3 -W ignore:setup.py install is deprecated -W ignore:easy_install command is deprecated setup.py egg_info --egg-base ../../build/imiev build --build-base /home/insia/simulador_ws/imiev/build/imiev/build install --record /home/insia/simulador_ws/imiev/build/imiev/install.log --single-version-externally-managed install_data
[1.830s] running egg_info
[1.892s] writing ../../build/imiev/imiev.egg-info/PKG-INFO
[1.893s] writing dependency_links to ../../build/imiev/imiev.egg-info/dependency_links.txt
[1.895s] writing entry points to ../../build/imiev/imiev.egg-info/entry_points.txt
[1.896s] writing requirements to ../../build/imiev/imiev.egg-info/requires.txt
[1.897s] writing top-level names to ../../build/imiev/imiev.egg-info/top_level.txt
[2.061s] reading manifest file '../../build/imiev/imiev.egg-info/SOURCES.txt'
[2.066s] writing manifest file '../../build/imiev/imiev.egg-info/SOURCES.txt'
[2.068s] running build
[2.069s] running build_py
[2.073s] running install
[2.095s] running install_lib
[2.183s] running install_data
[2.185s] running install_egg_info
[2.260s] removing '/home/insia/simulador_ws/imiev/install/imiev/lib/python3.12/site-packages/imiev-0.0.0-py3.12.egg-info' (and everything under it)
[2.261s] Copying ../../build/imiev/imiev.egg-info to /home/insia/simulador_ws/imiev/install/imiev/lib/python3.12/site-packages/imiev-0.0.0-py3.12.egg-info
[2.263s] running install_scripts
[2.530s] Installing gps_waypoint_logger script to /home/insia/simulador_ws/imiev/install/imiev/lib/imiev
[2.530s] Installing interactive_waypoint_follower script to /home/insia/simulador_ws/imiev/install/imiev/lib/imiev
[2.530s] Installing logged_waypoint_follower script to /home/insia/simulador_ws/imiev/install/imiev/lib/imiev
[2.531s] Installing route_follower script to /home/insia/simulador_ws/imiev/install/imiev/lib/imiev
[2.531s] Installing route_logger script to /home/insia/simulador_ws/imiev/install/imiev/lib/imiev
[2.531s] writing list of installed files to '/home/insia/simulador_ws/imiev/build/imiev/install.log'
[2.581s] Invoked command in '/home/insia/simulador_ws/imiev/src/imiev' returned '0': DEBUGINFOD_URLS=https://debuginfod.ubuntu.com PYTHONPATH=/home/insia/simulador_ws/imiev/build/imiev/prefix_override:/usr/lib/python3/dist-packages/colcon_core/task/python/colcon_distutils_commands:/home/insia/simulador_ws/imiev/install/imiev/lib/python3.12/site-packages:${PYTHONPATH} /usr/bin/python3 -W ignore:setup.py install is deprecated -W ignore:easy_install command is deprecated setup.py egg_info --egg-base ../../build/imiev build --build-base /home/insia/simulador_ws/imiev/build/imiev/build install --record /home/insia/simulador_ws/imiev/build/imiev/install.log --single-version-externally-managed install_data
