[1.849s] Invoking command in '/home/insia/simulador_ws/imiev/src/imiev': DEBUGINFOD_URLS=https://debuginfod.ubuntu.com PYTHONPATH=/home/insia/simulador_ws/imiev/build/imiev/prefix_override:/usr/lib/python3/dist-packages/colcon_core/task/python/colcon_distutils_commands:/home/insia/simulador_ws/imiev/install/imiev/lib/python3.12/site-packages:${PYTHONPATH} /usr/bin/python3 -W ignore:setup.py install is deprecated -W ignore:easy_install command is deprecated setup.py egg_info --egg-base ../../build/imiev build --build-base /home/insia/simulador_ws/imiev/build/imiev/build install --record /home/insia/simulador_ws/imiev/build/imiev/install.log --single-version-externally-managed install_data
[2.446s] running egg_info
[2.504s] writing ../../build/imiev/imiev.egg-info/PKG-INFO
[2.504s] writing dependency_links to ../../build/imiev/imiev.egg-info/dependency_links.txt
[2.505s] writing entry points to ../../build/imiev/imiev.egg-info/entry_points.txt
[2.506s] writing requirements to ../../build/imiev/imiev.egg-info/requires.txt
[2.507s] writing top-level names to ../../build/imiev/imiev.egg-info/top_level.txt
[2.597s] reading manifest file '../../build/imiev/imiev.egg-info/SOURCES.txt'
[2.599s] writing manifest file '../../build/imiev/imiev.egg-info/SOURCES.txt'
[2.599s] running build
[2.601s] running build_py
[2.601s] running install
[2.612s] running install_lib
[2.662s] running install_data
[2.663s] running install_egg_info
[2.714s] removing '/home/insia/simulador_ws/imiev/install/imiev/lib/python3.12/site-packages/imiev-0.0.0-py3.12.egg-info' (and everything under it)
[2.718s] Copying ../../build/imiev/imiev.egg-info to /home/insia/simulador_ws/imiev/install/imiev/lib/python3.12/site-packages/imiev-0.0.0-py3.12.egg-info
[2.719s] running install_scripts
[3.000s] Installing gps_waypoint_logger script to /home/insia/simulador_ws/imiev/install/imiev/lib/imiev
[3.001s] Installing interactive_waypoint_follower script to /home/insia/simulador_ws/imiev/install/imiev/lib/imiev
[3.001s] Installing logged_waypoint_follower script to /home/insia/simulador_ws/imiev/install/imiev/lib/imiev
[3.001s] Installing route_follower script to /home/insia/simulador_ws/imiev/install/imiev/lib/imiev
[3.001s] Installing route_logger script to /home/insia/simulador_ws/imiev/install/imiev/lib/imiev
[3.001s] Installing test_turning script to /home/insia/simulador_ws/imiev/install/imiev/lib/imiev
[3.004s] writing list of installed files to '/home/insia/simulador_ws/imiev/build/imiev/install.log'
[3.062s] Invoked command in '/home/insia/simulador_ws/imiev/src/imiev' returned '0': DEBUGINFOD_URLS=https://debuginfod.ubuntu.com PYTHONPATH=/home/insia/simulador_ws/imiev/build/imiev/prefix_override:/usr/lib/python3/dist-packages/colcon_core/task/python/colcon_distutils_commands:/home/insia/simulador_ws/imiev/install/imiev/lib/python3.12/site-packages:${PYTHONPATH} /usr/bin/python3 -W ignore:setup.py install is deprecated -W ignore:easy_install command is deprecated setup.py egg_info --egg-base ../../build/imiev build --build-base /home/insia/simulador_ws/imiev/build/imiev/build install --record /home/insia/simulador_ws/imiev/build/imiev/install.log --single-version-externally-managed install_data
