[1.147s] Invoking command in '/home/insia/simulador_ws/imiev/src/imiev': DEBUGINFOD_URLS=https://debuginfod.ubuntu.com PYTHONPATH=/home/insia/simulador_ws/imiev/build/imiev/prefix_override:/usr/lib/python3/dist-packages/colcon_core/task/python/colcon_distutils_commands:/home/insia/simulador_ws/imiev/install/imiev/lib/python3.12/site-packages:${PYTHONPATH} /usr/bin/python3 -W ignore:setup.py install is deprecated -W ignore:easy_install command is deprecated setup.py egg_info --egg-base ../../build/imiev build --build-base /home/insia/simulador_ws/imiev/build/imiev/build install --record /home/insia/simulador_ws/imiev/build/imiev/install.log --single-version-externally-managed install_data
[1.541s] running egg_info
[1.541s] creating ../../build/imiev/imiev.egg-info
[1.578s] writing ../../build/imiev/imiev.egg-info/PKG-INFO
[1.578s] writing dependency_links to ../../build/imiev/imiev.egg-info/dependency_links.txt
[1.578s] writing entry points to ../../build/imiev/imiev.egg-info/entry_points.txt
[1.579s] writing requirements to ../../build/imiev/imiev.egg-info/requires.txt
[1.579s] writing top-level names to ../../build/imiev/imiev.egg-info/top_level.txt
[1.579s] writing manifest file '../../build/imiev/imiev.egg-info/SOURCES.txt'
[1.651s] reading manifest file '../../build/imiev/imiev.egg-info/SOURCES.txt'
[1.652s] writing manifest file '../../build/imiev/imiev.egg-info/SOURCES.txt'
[1.652s] running build
[1.652s] running build_py
[1.652s] creating /home/insia/simulador_ws/imiev/build/imiev/build
[1.653s] creating /home/insia/simulador_ws/imiev/build/imiev/build/lib
[1.653s] creating /home/insia/simulador_ws/imiev/build/imiev/build/lib/imiev
[1.653s] copying imiev/interactive_waypoint_follower.py -> /home/insia/simulador_ws/imiev/build/imiev/build/lib/imiev
[1.653s] copying imiev/__init__.py -> /home/insia/simulador_ws/imiev/build/imiev/build/lib/imiev
[1.653s] copying imiev/route_follower.py -> /home/insia/simulador_ws/imiev/build/imiev/build/lib/imiev
[1.653s] copying imiev/logged_waypoint_follower.py -> /home/insia/simulador_ws/imiev/build/imiev/build/lib/imiev
[1.653s] copying imiev/test_turning.py -> /home/insia/simulador_ws/imiev/build/imiev/build/lib/imiev
[1.653s] copying imiev/gps_waypoint_logger.py -> /home/insia/simulador_ws/imiev/build/imiev/build/lib/imiev
[1.654s] copying imiev/route_logger.py -> /home/insia/simulador_ws/imiev/build/imiev/build/lib/imiev
[1.654s] creating /home/insia/simulador_ws/imiev/build/imiev/build/lib/imiev/utils
[1.654s] copying imiev/utils/__init__.py -> /home/insia/simulador_ws/imiev/build/imiev/build/lib/imiev/utils
[1.654s] copying imiev/utils/gps_utils.py -> /home/insia/simulador_ws/imiev/build/imiev/build/lib/imiev/utils
[1.654s] running install
[1.664s] running install_lib
[1.698s] creating /home/insia/simulador_ws/imiev/install/imiev/lib/python3.12/site-packages/imiev
[1.699s] copying /home/insia/simulador_ws/imiev/build/imiev/build/lib/imiev/interactive_waypoint_follower.py -> /home/insia/simulador_ws/imiev/install/imiev/lib/python3.12/site-packages/imiev
[1.699s] copying /home/insia/simulador_ws/imiev/build/imiev/build/lib/imiev/__init__.py -> /home/insia/simulador_ws/imiev/install/imiev/lib/python3.12/site-packages/imiev
[1.699s] copying /home/insia/simulador_ws/imiev/build/imiev/build/lib/imiev/route_follower.py -> /home/insia/simulador_ws/imiev/install/imiev/lib/python3.12/site-packages/imiev
[1.699s] copying /home/insia/simulador_ws/imiev/build/imiev/build/lib/imiev/logged_waypoint_follower.py -> /home/insia/simulador_ws/imiev/install/imiev/lib/python3.12/site-packages/imiev
[1.699s] copying /home/insia/simulador_ws/imiev/build/imiev/build/lib/imiev/test_turning.py -> /home/insia/simulador_ws/imiev/install/imiev/lib/python3.12/site-packages/imiev
[1.699s] copying /home/insia/simulador_ws/imiev/build/imiev/build/lib/imiev/gps_waypoint_logger.py -> /home/insia/simulador_ws/imiev/install/imiev/lib/python3.12/site-packages/imiev
[1.699s] creating /home/insia/simulador_ws/imiev/install/imiev/lib/python3.12/site-packages/imiev/utils
[1.699s] copying /home/insia/simulador_ws/imiev/build/imiev/build/lib/imiev/utils/__init__.py -> /home/insia/simulador_ws/imiev/install/imiev/lib/python3.12/site-packages/imiev/utils
[1.699s] copying /home/insia/simulador_ws/imiev/build/imiev/build/lib/imiev/utils/gps_utils.py -> /home/insia/simulador_ws/imiev/install/imiev/lib/python3.12/site-packages/imiev/utils
[1.700s] copying /home/insia/simulador_ws/imiev/build/imiev/build/lib/imiev/route_logger.py -> /home/insia/simulador_ws/imiev/install/imiev/lib/python3.12/site-packages/imiev
[1.700s] byte-compiling /home/insia/simulador_ws/imiev/install/imiev/lib/python3.12/site-packages/imiev/interactive_waypoint_follower.py to interactive_waypoint_follower.cpython-312.pyc
[1.701s] byte-compiling /home/insia/simulador_ws/imiev/install/imiev/lib/python3.12/site-packages/imiev/__init__.py to __init__.cpython-312.pyc
[1.701s] byte-compiling /home/insia/simulador_ws/imiev/install/imiev/lib/python3.12/site-packages/imiev/route_follower.py to route_follower.cpython-312.pyc
[1.703s] byte-compiling /home/insia/simulador_ws/imiev/install/imiev/lib/python3.12/site-packages/imiev/logged_waypoint_follower.py to logged_waypoint_follower.cpython-312.pyc
[1.704s] byte-compiling /home/insia/simulador_ws/imiev/install/imiev/lib/python3.12/site-packages/imiev/test_turning.py to test_turning.cpython-312.pyc
[1.706s] byte-compiling /home/insia/simulador_ws/imiev/install/imiev/lib/python3.12/site-packages/imiev/gps_waypoint_logger.py to gps_waypoint_logger.cpython-312.pyc
[1.708s] byte-compiling /home/insia/simulador_ws/imiev/install/imiev/lib/python3.12/site-packages/imiev/utils/__init__.py to __init__.cpython-312.pyc
[1.708s] byte-compiling /home/insia/simulador_ws/imiev/install/imiev/lib/python3.12/site-packages/imiev/utils/gps_utils.py to gps_utils.cpython-312.pyc
[1.709s] byte-compiling /home/insia/simulador_ws/imiev/install/imiev/lib/python3.12/site-packages/imiev/route_logger.py to route_logger.cpython-312.pyc
[1.711s] running install_data
[1.711s] creating /home/insia/simulador_ws/imiev/install/imiev/share/ament_index
[1.712s] creating /home/insia/simulador_ws/imiev/install/imiev/share/ament_index/resource_index
[1.712s] creating /home/insia/simulador_ws/imiev/install/imiev/share/ament_index/resource_index/packages
[1.712s] copying resource/imiev -> /home/insia/simulador_ws/imiev/install/imiev/share/ament_index/resource_index/packages
[1.712s] copying package.xml -> /home/insia/simulador_ws/imiev/install/imiev/share/imiev
[1.712s] creating /home/insia/simulador_ws/imiev/install/imiev/share/imiev/launch
[1.712s] copying launch/gps_waypoint_follower.launch.py -> /home/insia/simulador_ws/imiev/install/imiev/share/imiev/launch
[1.712s] copying launch/dual_ekf_navsat.launch.py -> /home/insia/simulador_ws/imiev/install/imiev/share/imiev/launch
[1.713s] copying launch/mapviz.launch.py -> /home/insia/simulador_ws/imiev/install/imiev/share/imiev/launch
[1.713s] copying launch/gazebo_model.launch.py -> /home/insia/simulador_ws/imiev/install/imiev/share/imiev/launch
[1.713s] copying launch/slam.launch.py -> /home/insia/simulador_ws/imiev/install/imiev/share/imiev/launch
[1.713s] creating /home/insia/simulador_ws/imiev/install/imiev/share/imiev/config
[1.713s] copying config/mapper_params_online_async.yaml -> /home/insia/simulador_ws/imiev/install/imiev/share/imiev/config
[1.713s] copying config/nav2_no_map_params.yaml -> /home/insia/simulador_ws/imiev/install/imiev/share/imiev/config
[1.714s] copying config/nav2_slam_params.yaml -> /home/insia/simulador_ws/imiev/install/imiev/share/imiev/config
[1.714s] copying config/imiev_bridge.yaml -> /home/insia/simulador_ws/imiev/install/imiev/share/imiev/config
[1.714s] copying config/dual_ekf_navsat_params.yaml -> /home/insia/simulador_ws/imiev/install/imiev/share/imiev/config
[1.714s] copying config/gps_wpf_demo.mvc -> /home/insia/simulador_ws/imiev/install/imiev/share/imiev/config
[1.714s] creating /home/insia/simulador_ws/imiev/install/imiev/share/imiev/config/behavior_trees
[1.714s] copying config/behavior_trees/navigate_through_poses_ackermann.xml -> /home/insia/simulador_ws/imiev/install/imiev/share/imiev/config/behavior_trees
[1.714s] copying config/behavior_trees/navigate_to_pose_ackermann.xml -> /home/insia/simulador_ws/imiev/install/imiev/share/imiev/config/behavior_trees
[1.714s] creating /home/insia/simulador_ws/imiev/install/imiev/share/imiev/worlds
[1.714s] copying worlds/sonoma_raceway.world -> /home/insia/simulador_ws/imiev/install/imiev/share/imiev/worlds
[1.714s] creating /home/insia/simulador_ws/imiev/install/imiev/share/imiev/models
[1.715s] creating /home/insia/simulador_ws/imiev/install/imiev/share/imiev/models/imiev
[1.715s] copying models/robot.xacro -> /home/insia/simulador_ws/imiev/install/imiev/share/imiev/models/imiev
[1.715s] copying models/robot.gazebo -> /home/insia/simulador_ws/imiev/install/imiev/share/imiev/models/imiev
[1.715s] creating /home/insia/simulador_ws/imiev/install/imiev/share/imiev/models/imiev/meshes
[1.715s] copying models/imiev/meshes/miev_all.stl -> /home/insia/simulador_ws/imiev/install/imiev/share/imiev/models/imiev/meshes
[1.718s] running install_egg_info
[1.751s] Copying ../../build/imiev/imiev.egg-info to /home/insia/simulador_ws/imiev/install/imiev/lib/python3.12/site-packages/imiev-0.0.0-py3.12.egg-info
[1.752s] running install_scripts
[1.968s] Installing gps_waypoint_logger script to /home/insia/simulador_ws/imiev/install/imiev/lib/imiev
[1.968s] Installing interactive_waypoint_follower script to /home/insia/simulador_ws/imiev/install/imiev/lib/imiev
[1.969s] Installing logged_waypoint_follower script to /home/insia/simulador_ws/imiev/install/imiev/lib/imiev
[1.969s] Installing route_follower script to /home/insia/simulador_ws/imiev/install/imiev/lib/imiev
[1.969s] Installing route_logger script to /home/insia/simulador_ws/imiev/install/imiev/lib/imiev
[1.969s] Installing test_turning script to /home/insia/simulador_ws/imiev/install/imiev/lib/imiev
[1.969s] writing list of installed files to '/home/insia/simulador_ws/imiev/build/imiev/install.log'
[2.002s] Invoked command in '/home/insia/simulador_ws/imiev/src/imiev' returned '0': DEBUGINFOD_URLS=https://debuginfod.ubuntu.com PYTHONPATH=/home/insia/simulador_ws/imiev/build/imiev/prefix_override:/usr/lib/python3/dist-packages/colcon_core/task/python/colcon_distutils_commands:/home/insia/simulador_ws/imiev/install/imiev/lib/python3.12/site-packages:${PYTHONPATH} /usr/bin/python3 -W ignore:setup.py install is deprecated -W ignore:easy_install command is deprecated setup.py egg_info --egg-base ../../build/imiev build --build-base /home/insia/simulador_ws/imiev/build/imiev/build install --record /home/insia/simulador_ws/imiev/build/imiev/install.log --single-version-externally-managed install_data
