[1.554s] Invoking command in '/home/insia/simulador_ws/imiev/src/imiev': DEBUGINFOD_URLS=https://debuginfod.ubuntu.com PYTHONPATH=/home/insia/simulador_ws/imiev/build/imiev/prefix_override:/usr/lib/python3/dist-packages/colcon_core/task/python/colcon_distutils_commands:/home/insia/simulador_ws/imiev/install/imiev/lib/python3.12/site-packages:${PYTHONPATH} /usr/bin/python3 -W ignore:setup.py install is deprecated -W ignore:easy_install command is deprecated setup.py egg_info --egg-base ../../build/imiev build --build-base /home/insia/simulador_ws/imiev/build/imiev/build install --record /home/insia/simulador_ws/imiev/build/imiev/install.log --single-version-externally-managed install_data
[2.122s] running egg_info
[2.166s] writing ../../build/imiev/imiev.egg-info/PKG-INFO
[2.167s] writing dependency_links to ../../build/imiev/imiev.egg-info/dependency_links.txt
[2.167s] writing entry points to ../../build/imiev/imiev.egg-info/entry_points.txt
[2.167s] writing requirements to ../../build/imiev/imiev.egg-info/requires.txt
[2.169s] writing top-level names to ../../build/imiev/imiev.egg-info/top_level.txt
[2.255s] reading manifest file '../../build/imiev/imiev.egg-info/SOURCES.txt'
[2.257s] writing manifest file '../../build/imiev/imiev.egg-info/SOURCES.txt'
[2.257s] running build
[2.257s] running build_py
[2.258s] running install
[2.269s] running install_lib
[2.315s] running install_data
[2.316s] running install_egg_info
[2.362s] removing '/home/insia/simulador_ws/imiev/install/imiev/lib/python3.12/site-packages/imiev-0.0.0-py3.12.egg-info' (and everything under it)
[2.364s] Copying ../../build/imiev/imiev.egg-info to /home/insia/simulador_ws/imiev/install/imiev/lib/python3.12/site-packages/imiev-0.0.0-py3.12.egg-info
[2.364s] running install_scripts
[2.633s] Installing gps_waypoint_logger script to /home/insia/simulador_ws/imiev/install/imiev/lib/imiev
[2.633s] Installing interactive_waypoint_follower script to /home/insia/simulador_ws/imiev/install/imiev/lib/imiev
[2.633s] Installing logged_waypoint_follower script to /home/insia/simulador_ws/imiev/install/imiev/lib/imiev
[2.633s] Installing route_follower script to /home/insia/simulador_ws/imiev/install/imiev/lib/imiev
[2.634s] Installing route_logger script to /home/insia/simulador_ws/imiev/install/imiev/lib/imiev
[2.634s] Installing test_turning script to /home/insia/simulador_ws/imiev/install/imiev/lib/imiev
[2.634s] writing list of installed files to '/home/insia/simulador_ws/imiev/build/imiev/install.log'
[2.687s] Invoked command in '/home/insia/simulador_ws/imiev/src/imiev' returned '0': DEBUGINFOD_URLS=https://debuginfod.ubuntu.com PYTHONPATH=/home/insia/simulador_ws/imiev/build/imiev/prefix_override:/usr/lib/python3/dist-packages/colcon_core/task/python/colcon_distutils_commands:/home/insia/simulador_ws/imiev/install/imiev/lib/python3.12/site-packages:${PYTHONPATH} /usr/bin/python3 -W ignore:setup.py install is deprecated -W ignore:easy_install command is deprecated setup.py egg_info --egg-base ../../build/imiev build --build-base /home/insia/simulador_ws/imiev/build/imiev/build install --record /home/insia/simulador_ws/imiev/build/imiev/install.log --single-version-externally-managed install_data
