[1.788s] Invoking command in '/home/insia/simulador_ws/imiev/build/imiev': DEBUGINFOD_URLS=https://debuginfod.ubuntu.com PYTHONPATH=/home/insia/simulador_ws/imiev/build/imiev/prefix_override:/usr/lib/python3/dist-packages/colcon_core/task/python/colcon_distutils_commands:/home/insia/simulador_ws/imiev/install/imiev/lib/python3.12/site-packages:${PYTHONPATH} /usr/bin/python3 -W ignore:setup.py install is deprecated -W ignore:easy_install command is deprecated setup.py develop --editable --build-directory /home/insia/simulador_ws/imiev/build/imiev/build --no-deps symlink_data --force
[2.551s] running develop
[3.029s] running egg_info
[3.084s] writing imiev.egg-info/PKG-INFO
[3.085s] writing dependency_links to imiev.egg-info/dependency_links.txt
[3.085s] writing entry points to imiev.egg-info/entry_points.txt
[3.085s] writing requirements to imiev.egg-info/requires.txt
[3.085s] writing top-level names to imiev.egg-info/top_level.txt
[3.185s] reading manifest file 'imiev.egg-info/SOURCES.txt'
[3.187s] writing manifest file 'imiev.egg-info/SOURCES.txt'
[3.238s] running build_ext
[3.239s] Creating /home/insia/simulador_ws/imiev/install/imiev/lib/python3.12/site-packages/imiev.egg-link (link to .)
[3.240s] Installing gps_waypoint_logger script to /home/insia/simulador_ws/imiev/install/imiev/lib/imiev
[3.241s] Installing interactive_waypoint_follower script to /home/insia/simulador_ws/imiev/install/imiev/lib/imiev
[3.242s] Installing logged_waypoint_follower script to /home/insia/simulador_ws/imiev/install/imiev/lib/imiev
[3.242s] Installing route_follower script to /home/insia/simulador_ws/imiev/install/imiev/lib/imiev
[3.243s] Installing route_logger script to /home/insia/simulador_ws/imiev/install/imiev/lib/imiev
[3.244s] Installing test_turning script to /home/insia/simulador_ws/imiev/install/imiev/lib/imiev
[3.245s] 
[3.245s] Installed /home/insia/simulador_ws/imiev/build/imiev
[3.245s] running symlink_data
[3.245s] symbolically linking /home/insia/simulador_ws/imiev/build/imiev/resource/imiev -> /home/insia/simulador_ws/imiev/install/imiev/share/ament_index/resource_index/packages
[3.245s] symbolically linking /home/insia/simulador_ws/imiev/build/imiev/package.xml -> /home/insia/simulador_ws/imiev/install/imiev/share/imiev
[3.246s] symbolically linking /home/insia/simulador_ws/imiev/build/imiev/launch/gps_waypoint_follower.launch.py -> /home/insia/simulador_ws/imiev/install/imiev/share/imiev/launch
[3.246s] symbolically linking /home/insia/simulador_ws/imiev/build/imiev/launch/dual_ekf_navsat.launch.py -> /home/insia/simulador_ws/imiev/install/imiev/share/imiev/launch
[3.246s] symbolically linking /home/insia/simulador_ws/imiev/build/imiev/launch/mapviz.launch.py -> /home/insia/simulador_ws/imiev/install/imiev/share/imiev/launch
[3.246s] symbolically linking /home/insia/simulador_ws/imiev/build/imiev/launch/gazebo_model.launch.py -> /home/insia/simulador_ws/imiev/install/imiev/share/imiev/launch
[3.246s] symbolically linking /home/insia/simulador_ws/imiev/build/imiev/launch/slam.launch.py -> /home/insia/simulador_ws/imiev/install/imiev/share/imiev/launch
[3.246s] symbolically linking /home/insia/simulador_ws/imiev/build/imiev/config/mapper_params_online_async.yaml -> /home/insia/simulador_ws/imiev/install/imiev/share/imiev/config
[3.246s] symbolically linking /home/insia/simulador_ws/imiev/build/imiev/config/nav2_no_map_params.yaml -> /home/insia/simulador_ws/imiev/install/imiev/share/imiev/config
[3.247s] symbolically linking /home/insia/simulador_ws/imiev/build/imiev/config/nav2_slam_params.yaml -> /home/insia/simulador_ws/imiev/install/imiev/share/imiev/config
[3.247s] symbolically linking /home/insia/simulador_ws/imiev/build/imiev/config/imiev_bridge.yaml -> /home/insia/simulador_ws/imiev/install/imiev/share/imiev/config
[3.247s] symbolically linking /home/insia/simulador_ws/imiev/build/imiev/config/dual_ekf_navsat_params.yaml -> /home/insia/simulador_ws/imiev/install/imiev/share/imiev/config
[3.247s] symbolically linking /home/insia/simulador_ws/imiev/build/imiev/config/gps_wpf_demo.mvc -> /home/insia/simulador_ws/imiev/install/imiev/share/imiev/config
[3.247s] symbolically linking /home/insia/simulador_ws/imiev/build/imiev/config/behavior_trees/navigate_through_poses_ackermann.xml -> /home/insia/simulador_ws/imiev/install/imiev/share/imiev/config/behavior_trees
[3.247s] symbolically linking /home/insia/simulador_ws/imiev/build/imiev/config/behavior_trees/navigate_to_pose_ackermann.xml -> /home/insia/simulador_ws/imiev/install/imiev/share/imiev/config/behavior_trees
[3.247s] symbolically linking /home/insia/simulador_ws/imiev/build/imiev/worlds/sonoma_raceway.world -> /home/insia/simulador_ws/imiev/install/imiev/share/imiev/worlds
[3.251s] symbolically linking /home/insia/simulador_ws/imiev/build/imiev/models/robot.xacro -> /home/insia/simulador_ws/imiev/install/imiev/share/imiev/models/imiev
[3.251s] symbolically linking /home/insia/simulador_ws/imiev/build/imiev/models/robot.gazebo -> /home/insia/simulador_ws/imiev/install/imiev/share/imiev/models/imiev
[3.326s] Invoked command in '/home/insia/simulador_ws/imiev/build/imiev' returned '0': DEBUGINFOD_URLS=https://debuginfod.ubuntu.com PYTHONPATH=/home/insia/simulador_ws/imiev/build/imiev/prefix_override:/usr/lib/python3/dist-packages/colcon_core/task/python/colcon_distutils_commands:/home/insia/simulador_ws/imiev/install/imiev/lib/python3.12/site-packages:${PYTHONPATH} /usr/bin/python3 -W ignore:setup.py install is deprecated -W ignore:easy_install command is deprecated setup.py develop --editable --build-directory /home/insia/simulador_ws/imiev/build/imiev/build --no-deps symlink_data --force
