running egg_info
writing ../../build/imiev/imiev.egg-info/PKG-INFO
writing dependency_links to ../../build/imiev/imiev.egg-info/dependency_links.txt
writing entry points to ../../build/imiev/imiev.egg-info/entry_points.txt
writing requirements to ../../build/imiev/imiev.egg-info/requires.txt
writing top-level names to ../../build/imiev/imiev.egg-info/top_level.txt
reading manifest file '../../build/imiev/imiev.egg-info/SOURCES.txt'
writing manifest file '../../build/imiev/imiev.egg-info/SOURCES.txt'
running build
running build_py
copying imiev/route_logger.py -> /home/insia/simulador_ws/imiev/build/imiev/build/lib/imiev
running install
running install_lib
copying /home/insia/simulador_ws/imiev/build/imiev/build/lib/imiev/route_logger.py -> /home/insia/simulador_ws/imiev/install/imiev/lib/python3.12/site-packages/imiev
byte-compiling /home/insia/simulador_ws/imiev/install/imiev/lib/python3.12/site-packages/imiev/route_logger.py to route_logger.cpython-312.pyc
running install_data
running install_egg_info
removing '/home/insia/simulador_ws/imiev/install/imiev/lib/python3.12/site-packages/imiev-0.0.0-py3.12.egg-info' (and everything under it)
Copying ../../build/imiev/imiev.egg-info to /home/insia/simulador_ws/imiev/install/imiev/lib/python3.12/site-packages/imiev-0.0.0-py3.12.egg-info
running install_scripts
Installing gps_waypoint_logger script to /home/insia/simulador_ws/imiev/install/imiev/lib/imiev
Installing interactive_waypoint_follower script to /home/insia/simulador_ws/imiev/install/imiev/lib/imiev
Installing logged_waypoint_follower script to /home/insia/simulador_ws/imiev/install/imiev/lib/imiev
Installing route_logger script to /home/insia/simulador_ws/imiev/install/imiev/lib/imiev
writing list of installed files to '/home/insia/simulador_ws/imiev/build/imiev/install.log'
